#
# A fatal error has been detected by the Java Runtime Environment:
#
#  Internal Error (javaClasses.cpp:126), pid=1404, tid=140722755913472
#  fatal error: Invalid layout of preloaded class
#
# JRE version:  (8.0_25-b18) (build )
# Java VM: OpenJDK 64-Bit Server VM (25.25-b02 mixed mode linux-amd64 compressed oops)
# Failed to write core dump. Core dumps have been disabled. To enable core dumping, try "ulimit -c unlimited" before starting Java again
#
# If you would like to submit a bug report, please visit:
#   http://bugreport.sun.com/bugreport/crash.jsp
#

---------------  T H R E A D  ---------------

Current thread (0x00007ffc88008800):  JavaThread "Unknown thread" [_thread_in_vm, id=1405, stack(0x00007ffc91d0c000,0x00007ffc91e0d000)]

Stack: [0x00007ffc91d0c000,0x00007ffc91e0d000],  sp=0x00007ffc91e0b960,  free space=1022k
Native frames: (J=compiled Java code, j=interpreted, Vv=VM code, C=native code)
V  [libjvm.so+0xa5fc27]
V  [libjvm.so+0x4dc332]
V  [libjvm.so+0x66b136]
V  [libjvm.so+0x66b256]
V  [libjvm.so+0x9d9efe]
V  [libjvm.so+0xa23b78]
V  [libjvm.so+0xa2505b]
V  [libjvm.so+0x617c48]
V  [libjvm.so+0xa073df]
V  [libjvm.so+0x68d4ee]  JNI_CreateJavaVM+0x5e
C  [libjli.so+0x2d2f]
C  [libpthread.so.0+0x7314]  start_thread+0xc4


---------------  P R O C E S S  ---------------

Java Threads: ( => current thread )

Other Threads:

=>0x00007ffc88008800 (exited) JavaThread "Unknown thread" [_thread_in_vm, id=1405, stack(0x00007ffc91d0c000,0x00007ffc91e0d000)]

VM state:not at safepoint (not fully initialized)

VM Mutex/Monitor currently owned by a thread: None

GC Heap History (0 events):
No events

Deoptimization events (0 events):
No events

Internal exceptions (0 events):
No events

Events (10 events):
Event: 0.006 loading class java/lang/CharSequence done
Event: 0.006 loading class java/lang/String done
Event: 0.006 loading class java/lang/Class
Event: 0.006 loading class java/lang/reflect/AnnotatedElement
Event: 0.006 loading class java/lang/reflect/AnnotatedElement done
Event: 0.006 loading class java/lang/reflect/GenericDeclaration
Event: 0.006 loading class java/lang/reflect/GenericDeclaration done
Event: 0.006 loading class java/lang/reflect/Type
Event: 0.006 loading class java/lang/reflect/Type done
Event: 0.006 loading class java/lang/Class done


Dynamic libraries:
00400000-00401000 r-xp 00000000 08:03 4882565                            /usr/lib/jvm/java-8-openjdk/jre/bin/java
00600000-00601000 rw-p 00000000 08:03 4882565                            /usr/lib/jvm/java-8-openjdk/jre/bin/java
01eed000-01f0e000 rw-p 00000000 00:00 0                                  [heap]
84e00000-8a100000 rw-p 00000000 00:00 0 
8a100000-d6f80000 ---p 00000000 00:00 0 
d6f80000-d9880000 rw-p 00000000 00:00 0 
d9880000-100000000 ---p 00000000 00:00 0 
100000000-100060000 rw-p 00000000 00:00 0 
100060000-140000000 ---p 00000000 00:00 0 
7ffc54000000-7ffc54021000 rw-p 00000000 00:00 0 
7ffc54021000-7ffc58000000 ---p 00000000 00:00 0 
7ffc58000000-7ffc58021000 rw-p 00000000 00:00 0 
7ffc58021000-7ffc5c000000 ---p 00000000 00:00 0 
7ffc5c000000-7ffc5c021000 rw-p 00000000 00:00 0 
7ffc5c021000-7ffc60000000 ---p 00000000 00:00 0 
7ffc60000000-7ffc60021000 rw-p 00000000 00:00 0 
7ffc60021000-7ffc64000000 ---p 00000000 00:00 0 
7ffc64000000-7ffc64021000 rw-p 00000000 00:00 0 
7ffc64021000-7ffc68000000 ---p 00000000 00:00 0 
7ffc68270000-7ffc6c000000 rw-p 00000000 00:00 0 
7ffc6c000000-7ffc6c021000 rw-p 00000000 00:00 0 
7ffc6c021000-7ffc70000000 ---p 00000000 00:00 0 
7ffc70000000-7ffc70021000 rw-p 00000000 00:00 0 
7ffc70021000-7ffc74000000 ---p 00000000 00:00 0 
7ffc74000000-7ffc74021000 rw-p 00000000 00:00 0 
7ffc74021000-7ffc78000000 ---p 00000000 00:00 0 
7ffc79000000-7ffc79270000 rwxp 00000000 00:00 0 
7ffc79270000-7ffc88000000 ---p 00000000 00:00 0 
7ffc88000000-7ffc88061000 rw-p 00000000 00:00 0 
7ffc88061000-7ffc8c000000 ---p 00000000 00:00 0 
7ffc8d3fd000-7ffc8d4f2000 r--s 017dd000 08:03 10099466                   /home/netkuba/android-sdks/platforms/android-22/android.jar
7ffc8d4f2000-7ffc8d968000 rw-p 00000000 00:00 0 
7ffc8d968000-7ffc8dd68000 ---p 00000000 00:00 0 
7ffc8dd68000-7ffc8e141000 rw-p 00000000 00:00 0 
7ffc8e141000-7ffc8e142000 ---p 00000000 00:00 0 
7ffc8e142000-7ffc8e242000 rw-p 00000000 00:00 0                          [stack:1413]
7ffc8e242000-7ffc8e243000 ---p 00000000 00:00 0 
7ffc8e243000-7ffc8e343000 rw-p 00000000 00:00 0                          [stack:1412]
7ffc8e343000-7ffc8e344000 ---p 00000000 00:00 0 
7ffc8e344000-7ffc8e444000 rw-p 00000000 00:00 0                          [stack:1411]
7ffc8e444000-7ffc8e445000 ---p 00000000 00:00 0 
7ffc8e445000-7ffc8e545000 rw-p 00000000 00:00 0                          [stack:1410]
7ffc8e545000-7ffc8e546000 ---p 00000000 00:00 0 
7ffc8e546000-7ffc8e646000 rw-p 00000000 00:00 0                          [stack:1409]
7ffc8e646000-7ffc8e647000 ---p 00000000 00:00 0 
7ffc8e647000-7ffc8e747000 rw-p 00000000 00:00 0                          [stack:1408]
7ffc8e747000-7ffc8e748000 ---p 00000000 00:00 0 
7ffc8e748000-7ffc8e848000 rw-p 00000000 00:00 0                          [stack:1407]
7ffc8e848000-7ffc8e849000 ---p 00000000 00:00 0 
7ffc8e849000-7ffc8e973000 rw-p 00000000 00:00 0                          [stack:1406]
7ffc8e973000-7ffc8ebda000 ---p 00000000 00:00 0 
7ffc8ebda000-7ffc8ec04000 rw-p 00000000 00:00 0 
7ffc8ec04000-7ffc8ee6a000 ---p 00000000 00:00 0 
7ffc8ee6a000-7ffc8ee80000 rw-p 00000000 00:00 0 
7ffc8ee80000-7ffc8efb3000 ---p 00000000 00:00 0 
7ffc8efb3000-7ffc8efbe000 rw-p 00000000 00:00 0 
7ffc8efbe000-7ffc8f374000 ---p 00000000 00:00 0 
7ffc8f374000-7ffc8f37c000 r-xp 00000000 08:03 4982959                    /usr/lib/jvm/java-8-openjdk/jre/lib/amd64/libzip.so
7ffc8f37c000-7ffc8f57b000 ---p 00008000 08:03 4982959                    /usr/lib/jvm/java-8-openjdk/jre/lib/amd64/libzip.so
7ffc8f57b000-7ffc8f57c000 rw-p 00007000 08:03 4982959                    /usr/lib/jvm/java-8-openjdk/jre/lib/amd64/libzip.so
7ffc8f57c000-7ffc8f587000 r-xp 00000000 08:03 920587                     /usr/lib/libnss_files-2.20.so
7ffc8f587000-7ffc8f787000 ---p 0000b000 08:03 920587                     /usr/lib/libnss_files-2.20.so
7ffc8f787000-7ffc8f788000 r--p 0000b000 08:03 920587                     /usr/lib/libnss_files-2.20.so
7ffc8f788000-7ffc8f789000 rw-p 0000c000 08:03 920587                     /usr/lib/libnss_files-2.20.so
7ffc8f789000-7ffc8f7b6000 r-xp 00000000 08:03 4982958                    /usr/lib/jvm/java-8-openjdk/jre/lib/amd64/libjava.so
7ffc8f7b6000-7ffc8f9b5000 ---p 0002d000 08:03 4982958                    /usr/lib/jvm/java-8-openjdk/jre/lib/amd64/libjava.so
7ffc8f9b5000-7ffc8f9b7000 rw-p 0002c000 08:03 4982958                    /usr/lib/jvm/java-8-openjdk/jre/lib/amd64/libjava.so
7ffc8f9b7000-7ffc8f9c4000 r-xp 00000000 08:03 4982951                    /usr/lib/jvm/java-8-openjdk/jre/lib/amd64/libverify.so
7ffc8f9c4000-7ffc8fbc3000 ---p 0000d000 08:03 4982951                    /usr/lib/jvm/java-8-openjdk/jre/lib/amd64/libverify.so
7ffc8fbc3000-7ffc8fbc5000 rw-p 0000c000 08:03 4982951                    /usr/lib/jvm/java-8-openjdk/jre/lib/amd64/libverify.so
7ffc8fbc5000-7ffc8fbcc000 r-xp 00000000 08:03 920622                     /usr/lib/librt-2.20.so
7ffc8fbcc000-7ffc8fdcb000 ---p 00007000 08:03 920622                     /usr/lib/librt-2.20.so
7ffc8fdcb000-7ffc8fdcc000 r--p 00006000 08:03 920622                     /usr/lib/librt-2.20.so
7ffc8fdcc000-7ffc8fdcd000 rw-p 00007000 08:03 920622                     /usr/lib/librt-2.20.so
7ffc8fdcd000-7ffc8fed0000 r-xp 00000000 08:03 920611                     /usr/lib/libm-2.20.so
7ffc8fed0000-7ffc900d0000 ---p 00103000 08:03 920611                     /usr/lib/libm-2.20.so
7ffc900d0000-7ffc900d1000 r--p 00103000 08:03 920611                     /usr/lib/libm-2.20.so
7ffc900d1000-7ffc900d2000 rw-p 00104000 08:03 920611                     /usr/lib/libm-2.20.so
7ffc900d2000-7ffc90d37000 r-xp 00000000 08:03 4982982                    /usr/lib/jvm/java-8-openjdk/jre/lib/amd64/server/libjvm.so
7ffc90d37000-7ffc90f37000 ---p 00c65000 08:03 4982982                    /usr/lib/jvm/java-8-openjdk/jre/lib/amd64/server/libjvm.so
7ffc90f37000-7ffc91003000 rw-p 00c65000 08:03 4982982                    /usr/lib/jvm/java-8-openjdk/jre/lib/amd64/server/libjvm.so
7ffc91003000-7ffc91042000 rw-p 00000000 00:00 0 
7ffc91042000-7ffc911db000 r-xp 00000000 08:03 920612                     /usr/lib/libc-2.20.so
7ffc911db000-7ffc913db000 ---p 00199000 08:03 920612                     /usr/lib/libc-2.20.so
7ffc913db000-7ffc913df000 r--p 00199000 08:03 920612                     /usr/lib/libc-2.20.so
7ffc913df000-7ffc913e1000 rw-p 0019d000 08:03 920612                     /usr/lib/libc-2.20.so
7ffc913e1000-7ffc913e5000 rw-p 00000000 00:00 0 
7ffc913e5000-7ffc913e8000 r-xp 00000000 08:03 920585                     /usr/lib/libdl-2.20.so
7ffc913e8000-7ffc915e7000 ---p 00003000 08:03 920585                     /usr/lib/libdl-2.20.so
7ffc915e7000-7ffc915e8000 r--p 00002000 08:03 920585                     /usr/lib/libdl-2.20.so
7ffc915e8000-7ffc915e9000 rw-p 00003000 08:03 920585                     /usr/lib/libdl-2.20.so
7ffc915e9000-7ffc915f6000 r-xp 00000000 08:03 4982979                    /usr/lib/jvm/java-8-openjdk/jre/lib/amd64/jli/libjli.so
7ffc915f6000-7ffc917f5000 ---p 0000d000 08:03 4982979                    /usr/lib/jvm/java-8-openjdk/jre/lib/amd64/jli/libjli.so
7ffc917f5000-7ffc917f6000 rw-p 0000c000 08:03 4982979                    /usr/lib/jvm/java-8-openjdk/jre/lib/amd64/jli/libjli.so
7ffc917f6000-7ffc9180b000 r-xp 00000000 08:03 923818                     /usr/lib/libz.so.1.2.8
7ffc9180b000-7ffc91a0a000 ---p 00015000 08:03 923818                     /usr/lib/libz.so.1.2.8
7ffc91a0a000-7ffc91a0b000 r--p 00014000 08:03 923818                     /usr/lib/libz.so.1.2.8
7ffc91a0b000-7ffc91a0c000 rw-p 00015000 08:03 923818                     /usr/lib/libz.so.1.2.8
7ffc91a0c000-7ffc91a23000 r-xp 00000000 08:03 920592                     /usr/lib/libpthread-2.20.so
7ffc91a23000-7ffc91c22000 ---p 00017000 08:03 920592                     /usr/lib/libpthread-2.20.so
7ffc91c22000-7ffc91c23000 r--p 00016000 08:03 920592                     /usr/lib/libpthread-2.20.so
7ffc91c23000-7ffc91c24000 rw-p 00017000 08:03 920592                     /usr/lib/libpthread-2.20.so
7ffc91c24000-7ffc91c28000 rw-p 00000000 00:00 0 
7ffc91c28000-7ffc91c4a000 r-xp 00000000 08:03 920589                     /usr/lib/ld-2.20.so
7ffc91c5e000-7ffc91d0c000 rw-p 00000000 00:00 0 
7ffc91d0c000-7ffc91d0f000 ---p 00000000 00:00 0 
7ffc91d0f000-7ffc91e11000 rw-p 00000000 00:00 0                          [stack:1405]
7ffc91e14000-7ffc91e3e000 rw-p 00000000 00:00 0 
7ffc91e3e000-7ffc91e46000 rw-s 00000000 00:1f 23677                      /tmp/hsperfdata_netkuba/1404
7ffc91e46000-7ffc91e47000 rw-p 00000000 00:00 0 
7ffc91e47000-7ffc91e48000 r--p 00000000 00:00 0 
7ffc91e48000-7ffc91e49000 rw-p 00000000 00:00 0 
7ffc91e49000-7ffc91e4a000 r--p 00021000 08:03 920589                     /usr/lib/ld-2.20.so
7ffc91e4a000-7ffc91e4b000 rw-p 00022000 08:03 920589                     /usr/lib/ld-2.20.so
7ffc91e4b000-7ffc91e4c000 rw-p 00000000 00:00 0 
7fffdbae0000-7fffdbb01000 rw-p 00000000 00:00 0                          [stack]
7fffdbb6d000-7fffdbb6f000 r--p 00000000 00:00 0                          [vvar]
7fffdbb6f000-7fffdbb71000 r-xp 00000000 00:00 0                          [vdso]
ffffffffff600000-ffffffffff601000 r-xp 00000000 00:00 0                  [vsyscall]

VM Arguments:
jvm_args: -Dfile.encoding=UTF-8 -Xbootclasspath:/home/netkuba/android-sdks/platforms/android-22/android.jar 
java_command: dominant_colors.KMeans
java_class_path (initial): /home/netkuba/image_library/image_app/bin/classes:/home/netkuba/image_library/image_app/libs/android-support-v4.jar:/home/netkuba/image_library/appcompat_v7/libs/android-support-v7-appcompat.jar:/home/netkuba/image_library/appcompat_v7/bin/appcompat_v7.jar:/home/netkuba/image_library/opencv_library/bin/opencv_library.jar
Launcher Type: SUN_STANDARD

Environment Variables:
PATH=/usr/local/sbin:/usr/local/bin:/usr/bin:/opt/cuda/bin:/usr/share/java/gradle/bin:/usr/lib/jvm/default/bin:/usr/bin/site_perl:/usr/bin/vendor_perl:/usr/bin/core_perl
SHELL=/bin/bash
DISPLAY=:0

Signal Handlers:
SIGSEGV: [libjvm.so+0xa606e0], sa_mask[0]=11111111011111111101111111111110, sa_flags=SA_RESTART|SA_SIGINFO
SIGBUS: [libjvm.so+0xa606e0], sa_mask[0]=11111111011111111101111111111110, sa_flags=SA_RESTART|SA_SIGINFO
SIGFPE: [libjvm.so+0x8b4a70], sa_mask[0]=11111111011111111101111111111110, sa_flags=SA_RESTART|SA_SIGINFO
SIGPIPE: [libjvm.so+0x8b4a70], sa_mask[0]=11111111011111111101111111111110, sa_flags=SA_RESTART|SA_SIGINFO
SIGXFSZ: [libjvm.so+0x8b4a70], sa_mask[0]=11111111011111111101111111111110, sa_flags=SA_RESTART|SA_SIGINFO
SIGILL: [libjvm.so+0x8b4a70], sa_mask[0]=11111111011111111101111111111110, sa_flags=SA_RESTART|SA_SIGINFO
SIGUSR1: SIG_DFL, sa_mask[0]=00000000000000000000000000000000, sa_flags=none
SIGUSR2: [libjvm.so+0x8b4920], sa_mask[0]=00100000000000000000000000000000, sa_flags=SA_RESTART|SA_SIGINFO
SIGHUP: SIG_DFL, sa_mask[0]=00000000000000000000000000000000, sa_flags=none
SIGINT: SIG_DFL, sa_mask[0]=00000000000000000000000000000000, sa_flags=none
SIGTERM: SIG_DFL, sa_mask[0]=00000000000000000000000000000000, sa_flags=none
SIGQUIT: SIG_DFL, sa_mask[0]=00000000000000000000000000000000, sa_flags=none


---------------  S Y S T E M  ---------------

OS:LSB_VERSION=1.4
DISTRIB_ID=Arch
DISTRIB_RELEASE=rolling
DISTRIB_DESCRIPTION="Arch Linux"

uname:Linux 3.17.6-1-ARCH #1 SMP PREEMPT Sun Dec 7 23:43:32 UTC 2014 x86_64
libc:glibc 2.20 NPTL 2.20 
rlimit: STACK 8192k, CORE 0k, NPROC 31481, NOFILE 4096, AS infinity
load average:2.90 1.77 0.76

/proc/meminfo:
MemTotal:        8065652 kB
MemFree:         5610780 kB
MemAvailable:    6172336 kB
Buffers:          152480 kB
Cached:           595592 kB
SwapCached:            0 kB
Active:          1828272 kB
Inactive:         399924 kB
Active(anon):    1480708 kB
Inactive(anon):    53040 kB
Active(file):     347564 kB
Inactive(file):   346884 kB
Unevictable:           0 kB
Mlocked:               0 kB
SwapTotal:             0 kB
SwapFree:              0 kB
Dirty:               592 kB
Writeback:             0 kB
AnonPages:       1480284 kB
Mapped:           201488 kB
Shmem:             53576 kB
Slab:             102832 kB
SReclaimable:      72088 kB
SUnreclaim:        30744 kB
KernelStack:        6624 kB
PageTables:        30420 kB
NFS_Unstable:          0 kB
Bounce:                0 kB
WritebackTmp:          0 kB
CommitLimit:     4032824 kB
Committed_AS:    3615172 kB
VmallocTotal:   34359738367 kB
VmallocUsed:      366440 kB
VmallocChunk:   34359350388 kB
HardwareCorrupted:     0 kB
AnonHugePages:    690176 kB
HugePages_Total:       0
HugePages_Free:        0
HugePages_Rsvd:        0
HugePages_Surp:        0
Hugepagesize:       2048 kB
DirectMap4k:       69396 kB
DirectMap2M:     8204288 kB


CPU:total 8 (4 cores per cpu, 2 threads per core) family 6 model 58 stepping 9, cmov, cx8, fxsr, mmx, sse, sse2, sse3, ssse3, sse4.1, sse4.2, popcnt, avx, aes, clmul, erms, ht, tsc, tscinvbit, tscinv

/proc/cpuinfo:
processor	: 0
vendor_id	: GenuineIntel
cpu family	: 6
model		: 58
model name	: Intel(R) Core(TM) i7-3630QM CPU @ 2.40GHz
stepping	: 9
microcode	: 0x15
cpu MHz		: 3235.406
cache size	: 6144 KB
physical id	: 0
siblings	: 8
core id		: 0
cpu cores	: 4
apicid		: 0
initial apicid	: 0
fpu		: yes
fpu_exception	: yes
cpuid level	: 13
wp		: yes
flags		: fpu vme de pse tsc msr pae mce cx8 apic sep mtrr pge mca cmov pat pse36 clflush dts acpi mmx fxsr sse sse2 ss ht tm pbe syscall nx rdtscp lm constant_tsc arch_perfmon pebs bts rep_good nopl xtopology nonstop_tsc aperfmperf eagerfpu pni pclmulqdq dtes64 monitor ds_cpl vmx est tm2 ssse3 cx16 xtpr pdcm pcid sse4_1 sse4_2 x2apic popcnt tsc_deadline_timer aes xsave avx f16c rdrand lahf_lm ida arat epb pln pts dtherm tpr_shadow vnmi flexpriority ept vpid fsgsbase smep erms xsaveopt
bugs		:
bogomips	: 4790.38
clflush size	: 64
cache_alignment	: 64
address sizes	: 36 bits physical, 48 bits virtual
power management:

processor	: 1
vendor_id	: GenuineIntel
cpu family	: 6
model		: 58
model name	: Intel(R) Core(TM) i7-3630QM CPU @ 2.40GHz
stepping	: 9
microcode	: 0x15
cpu MHz		: 3186.562
cache size	: 6144 KB
physical id	: 0
siblings	: 8
core id		: 1
cpu cores	: 4
apicid		: 2
initial apicid	: 2
fpu		: yes
fpu_exception	: yes
cpuid level	: 13
wp		: yes
flags		: fpu vme de pse tsc msr pae mce cx8 apic sep mtrr pge mca cmov pat pse36 clflush dts acpi mmx fxsr sse sse2 ss ht tm pbe syscall nx rdtscp lm constant_tsc arch_perfmon pebs bts rep_good nopl xtopology nonstop_tsc aperfmperf eagerfpu pni pclmulqdq dtes64 monitor ds_cpl vmx est tm2 ssse3 cx16 xtpr pdcm pcid sse4_1 sse4_2 x2apic popcnt tsc_deadline_timer aes xsave avx f16c rdrand lahf_lm ida arat epb pln pts dtherm tpr_shadow vnmi flexpriority ept vpid fsgsbase smep erms xsaveopt
bugs		:
bogomips	: 4790.38
clflush size	: 64
cache_alignment	: 64
address sizes	: 36 bits physical, 48 bits virtual
power management:

processor	: 2
vendor_id	: GenuineIntel
cpu family	: 6
model		: 58
model name	: Intel(R) Core(TM) i7-3630QM CPU @ 2.40GHz
stepping	: 9
microcode	: 0x15
cpu MHz		: 3199.968
cache size	: 6144 KB
physical id	: 0
siblings	: 8
core id		: 2
cpu cores	: 4
apicid		: 4
initial apicid	: 4
fpu		: yes
fpu_exception	: yes
cpuid level	: 13
wp		: yes
flags		: fpu vme de pse tsc msr pae mce cx8 apic sep mtrr pge mca cmov pat pse36 clflush dts acpi mmx fxsr sse sse2 ss ht tm pbe syscall nx rdtscp lm constant_tsc arch_perfmon pebs bts rep_good nopl xtopology nonstop_tsc aperfmperf eagerfpu pni pclmulqdq dtes64 monitor ds_cpl vmx est tm2 ssse3 cx16 xtpr pdcm pcid sse4_1 sse4_2 x2apic popcnt tsc_deadline_timer aes xsave avx f16c rdrand lahf_lm ida arat epb pln pts dtherm tpr_shadow vnmi flexpriority ept vpid fsgsbase smep erms xsaveopt
bugs		:
bogomips	: 4790.38
clflush size	: 64
cache_alignment	: 64
address sizes	: 36 bits physical, 48 bits virtual
power management:

processor	: 3
vendor_id	: GenuineIntel
cpu family	: 6
model		: 58
model name	: Intel(R) Core(TM) i7-3630QM CPU @ 2.40GHz
stepping	: 9
microcode	: 0x15
cpu MHz		: 3238.031
cache size	: 6144 KB
physical id	: 0
siblings	: 8
core id		: 3
cpu cores	: 4
apicid		: 6
initial apicid	: 6
fpu		: yes
fpu_exception	: yes
cpuid level	: 13
wp		: yes
flags		: fpu vme de pse tsc msr pae mce cx8 apic sep mtrr pge mca cmov pat pse36 clflush dts acpi mmx fxsr sse sse2 ss ht tm pbe syscall nx rdtscp lm constant_tsc arch_perfmon pebs bts rep_good nopl xtopology nonstop_tsc aperfmperf eagerfpu pni pclmulqdq dtes64 monitor ds_cpl vmx est tm2 ssse3 cx16 xtpr pdcm pcid sse4_1 sse4_2 x2apic popcnt tsc_deadline_timer aes xsave avx f16c rdrand lahf_lm ida arat epb pln pts dtherm tpr_shadow vnmi flexpriority ept vpid fsgsbase smep erms xsaveopt
bugs		:
bogomips	: 4790.38
clflush size	: 64
cache_alignment	: 64
address sizes	: 36 bits physical, 48 bits virtual
power management:

processor	: 4
vendor_id	: GenuineIntel
cpu family	: 6
model		: 58
model name	: Intel(R) Core(TM) i7-3630QM CPU @ 2.40GHz
stepping	: 9
microcode	: 0x15
cpu MHz		: 3200.250
cache size	: 6144 KB
physical id	: 0
siblings	: 8
core id		: 0
cpu cores	: 4
apicid		: 1
initial apicid	: 1
fpu		: yes
fpu_exception	: yes
cpuid level	: 13
wp		: yes
flags		: fpu vme de pse tsc msr pae mce cx8 apic sep mtrr pge mca cmov pat pse36 clflush dts acpi mmx fxsr sse sse2 ss ht tm pbe syscall nx rdtscp lm constant_tsc arch_perfmon pebs bts rep_good nopl xtopology nonstop_tsc aperfmperf eagerfpu pni pclmulqdq dtes64 monitor ds_cpl vmx est tm2 ssse3 cx16 xtpr pdcm pcid sse4_1 sse4_2 x2apic popcnt tsc_deadline_timer aes xsave avx f16c rdrand lahf_lm ida arat epb pln pts dtherm tpr_shadow vnmi flexpriority ept vpid fsgsbase smep erms xsaveopt
bugs		:
bogomips	: 4790.38
clflush size	: 64
cache_alignment	: 64
address sizes	: 36 bits physical, 48 bits virtual
power management:

processor	: 5
vendor_id	: GenuineIntel
cpu family	: 6
model		: 58
model name	: Intel(R) Core(TM) i7-3630QM CPU @ 2.40GHz
stepping	: 9
microcode	: 0x15
cpu MHz		: 3199.968
cache size	: 6144 KB
physical id	: 0
siblings	: 8
core id		: 1
cpu cores	: 4
apicid		: 3
initial apicid	: 3
fpu		: yes
fpu_exception	: yes
cpuid level	: 13
wp		: yes
flags		: fpu vme de pse tsc msr pae mce cx8 apic sep mtrr pge mca cmov pat pse36 clflush dts acpi mmx fxsr sse sse2 ss ht tm pbe syscall nx rdtscp lm constant_tsc arch_perfmon pebs bts rep_good nopl xtopology nonstop_tsc aperfmperf eagerfpu pni pclmulqdq dtes64 monitor ds_cpl vmx est tm2 ssse3 cx16 xtpr pdcm pcid sse4_1 sse4_2 x2apic popcnt tsc_deadline_timer aes xsave avx f16c rdrand lahf_lm ida arat epb pln pts dtherm tpr_shadow vnmi flexpriority ept vpid fsgsbase smep erms xsaveopt
bugs		:
bogomips	: 4790.38
clflush size	: 64
cache_alignment	: 64
address sizes	: 36 bits physical, 48 bits virtual
power management:

processor	: 6
vendor_id	: GenuineIntel
cpu family	: 6
model		: 58
model name	: Intel(R) Core(TM) i7-3630QM CPU @ 2.40GHz
stepping	: 9
microcode	: 0x15
cpu MHz		: 3217.218
cache size	: 6144 KB
physical id	: 0
siblings	: 8
core id		: 2
cpu cores	: 4
apicid		: 5
initial apicid	: 5
fpu		: yes
fpu_exception	: yes
cpuid level	: 13
wp		: yes
flags		: fpu vme de pse tsc msr pae mce cx8 apic sep mtrr pge mca cmov pat pse36 clflush dts acpi mmx fxsr sse sse2 ss ht tm pbe syscall nx rdtscp lm constant_tsc arch_perfmon pebs bts rep_good nopl xtopology nonstop_tsc aperfmperf eagerfpu pni pclmulqdq dtes64 monitor ds_cpl vmx est tm2 ssse3 cx16 xtpr pdcm pcid sse4_1 sse4_2 x2apic popcnt tsc_deadline_timer aes xsave avx f16c rdrand lahf_lm ida arat epb pln pts dtherm tpr_shadow vnmi flexpriority ept vpid fsgsbase smep erms xsaveopt
bugs		:
bogomips	: 4790.38
clflush size	: 64
cache_alignment	: 64
address sizes	: 36 bits physical, 48 bits virtual
power management:

processor	: 7
vendor_id	: GenuineIntel
cpu family	: 6
model		: 58
model name	: Intel(R) Core(TM) i7-3630QM CPU @ 2.40GHz
stepping	: 9
microcode	: 0x15
cpu MHz		: 3238.031
cache size	: 6144 KB
physical id	: 0
siblings	: 8
core id		: 3
cpu cores	: 4
apicid		: 7
initial apicid	: 7
fpu		: yes
fpu_exception	: yes
cpuid level	: 13
wp		: yes
flags		: fpu vme de pse tsc msr pae mce cx8 apic sep mtrr pge mca cmov pat pse36 clflush dts acpi mmx fxsr sse sse2 ss ht tm pbe syscall nx rdtscp lm constant_tsc arch_perfmon pebs bts rep_good nopl xtopology nonstop_tsc aperfmperf eagerfpu pni pclmulqdq dtes64 monitor ds_cpl vmx est tm2 ssse3 cx16 xtpr pdcm pcid sse4_1 sse4_2 x2apic popcnt tsc_deadline_timer aes xsave avx f16c rdrand lahf_lm ida arat epb pln pts dtherm tpr_shadow vnmi flexpriority ept vpid fsgsbase smep erms xsaveopt
bugs		:
bogomips	: 4790.38
clflush size	: 64
cache_alignment	: 64
address sizes	: 36 bits physical, 48 bits virtual
power management:



Memory: 4k page, physical 8065652k(5610780k free), swap 0k(0k free)

vm_info: OpenJDK 64-Bit Server VM (25.25-b02) for linux-amd64 JRE (1.8.0_25-b18), built on Nov 16 2014 16:13:29 by "builduser" with gcc 4.9.2

time: Sun Jun  7 00:07:52 2015
elapsed time: 0 seconds (0d 0h 0m 0s)

