#
# A fatal error has been detected by the Java Runtime Environment:
#
#  Internal Error (javaClasses.cpp:126), pid=1441, tid=140181034370816
#  fatal error: Invalid layout of preloaded class
#
# JRE version:  (8.0_25-b18) (build )
# Java VM: OpenJDK 64-Bit Server VM (25.25-b02 mixed mode linux-amd64 compressed oops)
# Failed to write core dump. Core dumps have been disabled. To enable core dumping, try "ulimit -c unlimited" before starting Java again
#
# If you would like to submit a bug report, please visit:
#   http://bugreport.sun.com/bugreport/crash.jsp
#

---------------  T H R E A D  ---------------

Current thread (0x00007f7e68008800):  JavaThread "Unknown thread" [_thread_in_vm, id=1446, stack(0x00007f7e70b20000,0x00007f7e70c21000)]

Stack: [0x00007f7e70b20000,0x00007f7e70c21000],  sp=0x00007f7e70c1f960,  free space=1022k
Native frames: (J=compiled Java code, j=interpreted, Vv=VM code, C=native code)
V  [libjvm.so+0xa5fc27]
V  [libjvm.so+0x4dc332]
V  [libjvm.so+0x66b136]
V  [libjvm.so+0x66b256]
V  [libjvm.so+0x9d9efe]
V  [libjvm.so+0xa23b78]
V  [libjvm.so+0xa2505b]
V  [libjvm.so+0x617c48]
V  [libjvm.so+0xa073df]
V  [libjvm.so+0x68d4ee]  JNI_CreateJavaVM+0x5e
C  [libjli.so+0x2d2f]
C  [libpthread.so.0+0x7314]  start_thread+0xc4


---------------  P R O C E S S  ---------------

Java Threads: ( => current thread )

Other Threads:

=>0x00007f7e68008800 (exited) JavaThread "Unknown thread" [_thread_in_vm, id=1446, stack(0x00007f7e70b20000,0x00007f7e70c21000)]

VM state:not at safepoint (not fully initialized)

VM Mutex/Monitor currently owned by a thread: None

GC Heap History (0 events):
No events

Deoptimization events (0 events):
No events

Internal exceptions (0 events):
No events

Events (10 events):
Event: 0.006 loading class java/lang/CharSequence done
Event: 0.006 loading class java/lang/String done
Event: 0.006 loading class java/lang/Class
Event: 0.006 loading class java/lang/reflect/AnnotatedElement
Event: 0.006 loading class java/lang/reflect/AnnotatedElement done
Event: 0.006 loading class java/lang/reflect/GenericDeclaration
Event: 0.006 loading class java/lang/reflect/GenericDeclaration done
Event: 0.006 loading class java/lang/reflect/Type
Event: 0.006 loading class java/lang/reflect/Type done
Event: 0.006 loading class java/lang/Class done


Dynamic libraries:
00400000-00401000 r-xp 00000000 08:03 4882565                            /usr/lib/jvm/java-8-openjdk/jre/bin/java
00600000-00601000 rw-p 00000000 08:03 4882565                            /usr/lib/jvm/java-8-openjdk/jre/bin/java
008f9000-0091a000 rw-p 00000000 00:00 0                                  [heap]
84e00000-8a100000 rw-p 00000000 00:00 0 
8a100000-d6f80000 ---p 00000000 00:00 0 
d6f80000-d9880000 rw-p 00000000 00:00 0 
d9880000-100000000 ---p 00000000 00:00 0 
100000000-100060000 rw-p 00000000 00:00 0 
100060000-140000000 ---p 00000000 00:00 0 
7f7e34000000-7f7e34021000 rw-p 00000000 00:00 0 
7f7e34021000-7f7e38000000 ---p 00000000 00:00 0 
7f7e38270000-7f7e3c000000 rw-p 00000000 00:00 0 
7f7e3c000000-7f7e3c021000 rw-p 00000000 00:00 0 
7f7e3c021000-7f7e40000000 ---p 00000000 00:00 0 
7f7e40000000-7f7e40021000 rw-p 00000000 00:00 0 
7f7e40021000-7f7e44000000 ---p 00000000 00:00 0 
7f7e44000000-7f7e44021000 rw-p 00000000 00:00 0 
7f7e44021000-7f7e48000000 ---p 00000000 00:00 0 
7f7e48000000-7f7e48021000 rw-p 00000000 00:00 0 
7f7e48021000-7f7e4c000000 ---p 00000000 00:00 0 
7f7e4c000000-7f7e4c021000 rw-p 00000000 00:00 0 
7f7e4c021000-7f7e50000000 ---p 00000000 00:00 0 
7f7e50000000-7f7e50021000 rw-p 00000000 00:00 0 
7f7e50021000-7f7e54000000 ---p 00000000 00:00 0 
7f7e54000000-7f7e54021000 rw-p 00000000 00:00 0 
7f7e54021000-7f7e58000000 ---p 00000000 00:00 0 
7f7e59000000-7f7e59270000 rwxp 00000000 00:00 0 
7f7e59270000-7f7e68000000 ---p 00000000 00:00 0 
7f7e68000000-7f7e68061000 rw-p 00000000 00:00 0 
7f7e68061000-7f7e6c000000 ---p 00000000 00:00 0 
7f7e6c211000-7f7e6c306000 r--s 017dd000 08:03 10099466                   /home/netkuba/android-sdks/platforms/android-22/android.jar
7f7e6c306000-7f7e6c77c000 rw-p 00000000 00:00 0 
7f7e6c77c000-7f7e6cb7c000 ---p 00000000 00:00 0 
7f7e6cb7c000-7f7e6cf55000 rw-p 00000000 00:00 0 
7f7e6cf55000-7f7e6cf56000 ---p 00000000 00:00 0 
7f7e6cf56000-7f7e6d056000 rw-p 00000000 00:00 0                          [stack:1454]
7f7e6d056000-7f7e6d057000 ---p 00000000 00:00 0 
7f7e6d057000-7f7e6d157000 rw-p 00000000 00:00 0                          [stack:1453]
7f7e6d157000-7f7e6d158000 ---p 00000000 00:00 0 
7f7e6d158000-7f7e6d258000 rw-p 00000000 00:00 0                          [stack:1452]
7f7e6d258000-7f7e6d259000 ---p 00000000 00:00 0 
7f7e6d259000-7f7e6d359000 rw-p 00000000 00:00 0                          [stack:1451]
7f7e6d359000-7f7e6d35a000 ---p 00000000 00:00 0 
7f7e6d35a000-7f7e6d45a000 rw-p 00000000 00:00 0                          [stack:1450]
7f7e6d45a000-7f7e6d45b000 ---p 00000000 00:00 0 
7f7e6d45b000-7f7e6d55b000 rw-p 00000000 00:00 0                          [stack:1449]
7f7e6d55b000-7f7e6d55c000 ---p 00000000 00:00 0 
7f7e6d55c000-7f7e6d65c000 rw-p 00000000 00:00 0                          [stack:1448]
7f7e6d65c000-7f7e6d65d000 ---p 00000000 00:00 0 
7f7e6d65d000-7f7e6d787000 rw-p 00000000 00:00 0                          [stack:1447]
7f7e6d787000-7f7e6d9ee000 ---p 00000000 00:00 0 
7f7e6d9ee000-7f7e6da18000 rw-p 00000000 00:00 0 
7f7e6da18000-7f7e6dc7e000 ---p 00000000 00:00 0 
7f7e6dc7e000-7f7e6dc94000 rw-p 00000000 00:00 0 
7f7e6dc94000-7f7e6ddc7000 ---p 00000000 00:00 0 
7f7e6ddc7000-7f7e6ddd2000 rw-p 00000000 00:00 0 
7f7e6ddd2000-7f7e6e188000 ---p 00000000 00:00 0 
7f7e6e188000-7f7e6e190000 r-xp 00000000 08:03 4982959                    /usr/lib/jvm/java-8-openjdk/jre/lib/amd64/libzip.so
7f7e6e190000-7f7e6e38f000 ---p 00008000 08:03 4982959                    /usr/lib/jvm/java-8-openjdk/jre/lib/amd64/libzip.so
7f7e6e38f000-7f7e6e390000 rw-p 00007000 08:03 4982959                    /usr/lib/jvm/java-8-openjdk/jre/lib/amd64/libzip.so
7f7e6e390000-7f7e6e39b000 r-xp 00000000 08:03 920587                     /usr/lib/libnss_files-2.20.so
7f7e6e39b000-7f7e6e59b000 ---p 0000b000 08:03 920587                     /usr/lib/libnss_files-2.20.so
7f7e6e59b000-7f7e6e59c000 r--p 0000b000 08:03 920587                     /usr/lib/libnss_files-2.20.so
7f7e6e59c000-7f7e6e59d000 rw-p 0000c000 08:03 920587                     /usr/lib/libnss_files-2.20.so
7f7e6e59d000-7f7e6e5ca000 r-xp 00000000 08:03 4982958                    /usr/lib/jvm/java-8-openjdk/jre/lib/amd64/libjava.so
7f7e6e5ca000-7f7e6e7c9000 ---p 0002d000 08:03 4982958                    /usr/lib/jvm/java-8-openjdk/jre/lib/amd64/libjava.so
7f7e6e7c9000-7f7e6e7cb000 rw-p 0002c000 08:03 4982958                    /usr/lib/jvm/java-8-openjdk/jre/lib/amd64/libjava.so
7f7e6e7cb000-7f7e6e7d8000 r-xp 00000000 08:03 4982951                    /usr/lib/jvm/java-8-openjdk/jre/lib/amd64/libverify.so
7f7e6e7d8000-7f7e6e9d7000 ---p 0000d000 08:03 4982951                    /usr/lib/jvm/java-8-openjdk/jre/lib/amd64/libverify.so
7f7e6e9d7000-7f7e6e9d9000 rw-p 0000c000 08:03 4982951                    /usr/lib/jvm/java-8-openjdk/jre/lib/amd64/libverify.so
7f7e6e9d9000-7f7e6e9e0000 r-xp 00000000 08:03 920622                     /usr/lib/librt-2.20.so
7f7e6e9e0000-7f7e6ebdf000 ---p 00007000 08:03 920622                     /usr/lib/librt-2.20.so
7f7e6ebdf000-7f7e6ebe0000 r--p 00006000 08:03 920622                     /usr/lib/librt-2.20.so
7f7e6ebe0000-7f7e6ebe1000 rw-p 00007000 08:03 920622                     /usr/lib/librt-2.20.so
7f7e6ebe1000-7f7e6ece4000 r-xp 00000000 08:03 920611                     /usr/lib/libm-2.20.so
7f7e6ece4000-7f7e6eee4000 ---p 00103000 08:03 920611                     /usr/lib/libm-2.20.so
7f7e6eee4000-7f7e6eee5000 r--p 00103000 08:03 920611                     /usr/lib/libm-2.20.so
7f7e6eee5000-7f7e6eee6000 rw-p 00104000 08:03 920611                     /usr/lib/libm-2.20.so
7f7e6eee6000-7f7e6fb4b000 r-xp 00000000 08:03 4982982                    /usr/lib/jvm/java-8-openjdk/jre/lib/amd64/server/libjvm.so
7f7e6fb4b000-7f7e6fd4b000 ---p 00c65000 08:03 4982982                    /usr/lib/jvm/java-8-openjdk/jre/lib/amd64/server/libjvm.so
7f7e6fd4b000-7f7e6fe17000 rw-p 00c65000 08:03 4982982                    /usr/lib/jvm/java-8-openjdk/jre/lib/amd64/server/libjvm.so
7f7e6fe17000-7f7e6fe56000 rw-p 00000000 00:00 0 
7f7e6fe56000-7f7e6ffef000 r-xp 00000000 08:03 920612                     /usr/lib/libc-2.20.so
7f7e6ffef000-7f7e701ef000 ---p 00199000 08:03 920612                     /usr/lib/libc-2.20.so
7f7e701ef000-7f7e701f3000 r--p 00199000 08:03 920612                     /usr/lib/libc-2.20.so
7f7e701f3000-7f7e701f5000 rw-p 0019d000 08:03 920612                     /usr/lib/libc-2.20.so
7f7e701f5000-7f7e701f9000 rw-p 00000000 00:00 0 
7f7e701f9000-7f7e701fc000 r-xp 00000000 08:03 920585                     /usr/lib/libdl-2.20.so
7f7e701fc000-7f7e703fb000 ---p 00003000 08:03 920585                     /usr/lib/libdl-2.20.so
7f7e703fb000-7f7e703fc000 r--p 00002000 08:03 920585                     /usr/lib/libdl-2.20.so
7f7e703fc000-7f7e703fd000 rw-p 00003000 08:03 920585                     /usr/lib/libdl-2.20.so
7f7e703fd000-7f7e7040a000 r-xp 00000000 08:03 4982979                    /usr/lib/jvm/java-8-openjdk/jre/lib/amd64/jli/libjli.so
7f7e7040a000-7f7e70609000 ---p 0000d000 08:03 4982979                    /usr/lib/jvm/java-8-openjdk/jre/lib/amd64/jli/libjli.so
7f7e70609000-7f7e7060a000 rw-p 0000c000 08:03 4982979                    /usr/lib/jvm/java-8-openjdk/jre/lib/amd64/jli/libjli.so
7f7e7060a000-7f7e7061f000 r-xp 00000000 08:03 923818                     /usr/lib/libz.so.1.2.8
7f7e7061f000-7f7e7081e000 ---p 00015000 08:03 923818                     /usr/lib/libz.so.1.2.8
7f7e7081e000-7f7e7081f000 r--p 00014000 08:03 923818                     /usr/lib/libz.so.1.2.8
7f7e7081f000-7f7e70820000 rw-p 00015000 08:03 923818                     /usr/lib/libz.so.1.2.8
7f7e70820000-7f7e70837000 r-xp 00000000 08:03 920592                     /usr/lib/libpthread-2.20.so
7f7e70837000-7f7e70a36000 ---p 00017000 08:03 920592                     /usr/lib/libpthread-2.20.so
7f7e70a36000-7f7e70a37000 r--p 00016000 08:03 920592                     /usr/lib/libpthread-2.20.so
7f7e70a37000-7f7e70a38000 rw-p 00017000 08:03 920592                     /usr/lib/libpthread-2.20.so
7f7e70a38000-7f7e70a3c000 rw-p 00000000 00:00 0 
7f7e70a3c000-7f7e70a5e000 r-xp 00000000 08:03 920589                     /usr/lib/ld-2.20.so
7f7e70a72000-7f7e70b20000 rw-p 00000000 00:00 0 
7f7e70b20000-7f7e70b23000 ---p 00000000 00:00 0 
7f7e70b23000-7f7e70c25000 rw-p 00000000 00:00 0                          [stack:1446]
7f7e70c28000-7f7e70c52000 rw-p 00000000 00:00 0 
7f7e70c52000-7f7e70c5a000 rw-s 00000000 00:1f 24654                      /tmp/hsperfdata_netkuba/1441
7f7e70c5a000-7f7e70c5b000 rw-p 00000000 00:00 0 
7f7e70c5b000-7f7e70c5c000 r--p 00000000 00:00 0 
7f7e70c5c000-7f7e70c5d000 rw-p 00000000 00:00 0 
7f7e70c5d000-7f7e70c5e000 r--p 00021000 08:03 920589                     /usr/lib/ld-2.20.so
7f7e70c5e000-7f7e70c5f000 rw-p 00022000 08:03 920589                     /usr/lib/ld-2.20.so
7f7e70c5f000-7f7e70c60000 rw-p 00000000 00:00 0 
7fffa5168000-7fffa5189000 rw-p 00000000 00:00 0                          [stack]
7fffa5195000-7fffa5197000 r--p 00000000 00:00 0                          [vvar]
7fffa5197000-7fffa5199000 r-xp 00000000 00:00 0                          [vdso]
ffffffffff600000-ffffffffff601000 r-xp 00000000 00:00 0                  [vsyscall]

VM Arguments:
jvm_args: -Dfile.encoding=UTF-8 -Xbootclasspath:/home/netkuba/android-sdks/platforms/android-22/android.jar 
java_command: dominant_colors.KMeans
java_class_path (initial): /home/netkuba/image_library/image_app/bin/classes:/home/netkuba/image_library/image_app/libs/android-support-v4.jar:/home/netkuba/image_library/appcompat_v7/libs/android-support-v7-appcompat.jar:/home/netkuba/image_library/appcompat_v7/bin/appcompat_v7.jar:/home/netkuba/image_library/opencv_library/bin/opencv_library.jar
Launcher Type: SUN_STANDARD

Environment Variables:
PATH=/usr/local/sbin:/usr/local/bin:/usr/bin:/opt/cuda/bin:/usr/share/java/gradle/bin:/usr/lib/jvm/default/bin:/usr/bin/site_perl:/usr/bin/vendor_perl:/usr/bin/core_perl
SHELL=/bin/bash
DISPLAY=:0

Signal Handlers:
SIGSEGV: [libjvm.so+0xa606e0], sa_mask[0]=11111111011111111101111111111110, sa_flags=SA_RESTART|SA_SIGINFO
SIGBUS: [libjvm.so+0xa606e0], sa_mask[0]=11111111011111111101111111111110, sa_flags=SA_RESTART|SA_SIGINFO
SIGFPE: [libjvm.so+0x8b4a70], sa_mask[0]=11111111011111111101111111111110, sa_flags=SA_RESTART|SA_SIGINFO
SIGPIPE: [libjvm.so+0x8b4a70], sa_mask[0]=11111111011111111101111111111110, sa_flags=SA_RESTART|SA_SIGINFO
SIGXFSZ: [libjvm.so+0x8b4a70], sa_mask[0]=11111111011111111101111111111110, sa_flags=SA_RESTART|SA_SIGINFO
SIGILL: [libjvm.so+0x8b4a70], sa_mask[0]=11111111011111111101111111111110, sa_flags=SA_RESTART|SA_SIGINFO
SIGUSR1: SIG_DFL, sa_mask[0]=00000000000000000000000000000000, sa_flags=none
SIGUSR2: [libjvm.so+0x8b4920], sa_mask[0]=00100000000000000000000000000000, sa_flags=SA_RESTART|SA_SIGINFO
SIGHUP: SIG_DFL, sa_mask[0]=00000000000000000000000000000000, sa_flags=none
SIGINT: SIG_DFL, sa_mask[0]=00000000000000000000000000000000, sa_flags=none
SIGTERM: SIG_DFL, sa_mask[0]=00000000000000000000000000000000, sa_flags=none
SIGQUIT: SIG_DFL, sa_mask[0]=00000000000000000000000000000000, sa_flags=none


---------------  S Y S T E M  ---------------

OS:LSB_VERSION=1.4
DISTRIB_ID=Arch
DISTRIB_RELEASE=rolling
DISTRIB_DESCRIPTION="Arch Linux"

uname:Linux 3.17.6-1-ARCH #1 SMP PREEMPT Sun Dec 7 23:43:32 UTC 2014 x86_64
libc:glibc 2.20 NPTL 2.20 
rlimit: STACK 8192k, CORE 0k, NPROC 31481, NOFILE 4096, AS infinity
load average:1.62 1.58 0.73

/proc/meminfo:
MemTotal:        8065652 kB
MemFree:         5596364 kB
MemAvailable:    6161088 kB
Buffers:          152600 kB
Cached:           596436 kB
SwapCached:            0 kB
Active:          1852748 kB
Inactive:         389852 kB
Active(anon):    1494196 kB
Inactive(anon):    50980 kB
Active(file):     358552 kB
Inactive(file):   338872 kB
Unevictable:           0 kB
Mlocked:               0 kB
SwapTotal:             0 kB
SwapFree:              0 kB
Dirty:                12 kB
Writeback:             0 kB
AnonPages:       1493780 kB
Mapped:           201176 kB
Shmem:             51616 kB
Slab:             103376 kB
SReclaimable:      72472 kB
SUnreclaim:        30904 kB
KernelStack:        6480 kB
PageTables:        28732 kB
NFS_Unstable:          0 kB
Bounce:                0 kB
WritebackTmp:          0 kB
CommitLimit:     4032824 kB
Committed_AS:    3562972 kB
VmallocTotal:   34359738367 kB
VmallocUsed:      366440 kB
VmallocChunk:   34359350388 kB
HardwareCorrupted:     0 kB
AnonHugePages:    702464 kB
HugePages_Total:       0
HugePages_Free:        0
HugePages_Rsvd:        0
HugePages_Surp:        0
Hugepagesize:       2048 kB
DirectMap4k:       69396 kB
DirectMap2M:     8204288 kB


CPU:total 8 (4 cores per cpu, 2 threads per core) family 6 model 58 stepping 9, cmov, cx8, fxsr, mmx, sse, sse2, sse3, ssse3, sse4.1, sse4.2, popcnt, avx, aes, clmul, erms, ht, tsc, tscinvbit, tscinv

/proc/cpuinfo:
processor	: 0
vendor_id	: GenuineIntel
cpu family	: 6
model		: 58
model name	: Intel(R) Core(TM) i7-3630QM CPU @ 2.40GHz
stepping	: 9
microcode	: 0x15
cpu MHz		: 2703.093
cache size	: 6144 KB
physical id	: 0
siblings	: 8
core id		: 0
cpu cores	: 4
apicid		: 0
initial apicid	: 0
fpu		: yes
fpu_exception	: yes
cpuid level	: 13
wp		: yes
flags		: fpu vme de pse tsc msr pae mce cx8 apic sep mtrr pge mca cmov pat pse36 clflush dts acpi mmx fxsr sse sse2 ss ht tm pbe syscall nx rdtscp lm constant_tsc arch_perfmon pebs bts rep_good nopl xtopology nonstop_tsc aperfmperf eagerfpu pni pclmulqdq dtes64 monitor ds_cpl vmx est tm2 ssse3 cx16 xtpr pdcm pcid sse4_1 sse4_2 x2apic popcnt tsc_deadline_timer aes xsave avx f16c rdrand lahf_lm ida arat epb pln pts dtherm tpr_shadow vnmi flexpriority ept vpid fsgsbase smep erms xsaveopt
bugs		:
bogomips	: 4790.38
clflush size	: 64
cache_alignment	: 64
address sizes	: 36 bits physical, 48 bits virtual
power management:

processor	: 1
vendor_id	: GenuineIntel
cpu family	: 6
model		: 58
model name	: Intel(R) Core(TM) i7-3630QM CPU @ 2.40GHz
stepping	: 9
microcode	: 0x15
cpu MHz		: 2746.781
cache size	: 6144 KB
physical id	: 0
siblings	: 8
core id		: 1
cpu cores	: 4
apicid		: 2
initial apicid	: 2
fpu		: yes
fpu_exception	: yes
cpuid level	: 13
wp		: yes
flags		: fpu vme de pse tsc msr pae mce cx8 apic sep mtrr pge mca cmov pat pse36 clflush dts acpi mmx fxsr sse sse2 ss ht tm pbe syscall nx rdtscp lm constant_tsc arch_perfmon pebs bts rep_good nopl xtopology nonstop_tsc aperfmperf eagerfpu pni pclmulqdq dtes64 monitor ds_cpl vmx est tm2 ssse3 cx16 xtpr pdcm pcid sse4_1 sse4_2 x2apic popcnt tsc_deadline_timer aes xsave avx f16c rdrand lahf_lm ida arat epb pln pts dtherm tpr_shadow vnmi flexpriority ept vpid fsgsbase smep erms xsaveopt
bugs		:
bogomips	: 4790.38
clflush size	: 64
cache_alignment	: 64
address sizes	: 36 bits physical, 48 bits virtual
power management:

processor	: 2
vendor_id	: GenuineIntel
cpu family	: 6
model		: 58
model name	: Intel(R) Core(TM) i7-3630QM CPU @ 2.40GHz
stepping	: 9
microcode	: 0x15
cpu MHz		: 2771.062
cache size	: 6144 KB
physical id	: 0
siblings	: 8
core id		: 2
cpu cores	: 4
apicid		: 4
initial apicid	: 4
fpu		: yes
fpu_exception	: yes
cpuid level	: 13
wp		: yes
flags		: fpu vme de pse tsc msr pae mce cx8 apic sep mtrr pge mca cmov pat pse36 clflush dts acpi mmx fxsr sse sse2 ss ht tm pbe syscall nx rdtscp lm constant_tsc arch_perfmon pebs bts rep_good nopl xtopology nonstop_tsc aperfmperf eagerfpu pni pclmulqdq dtes64 monitor ds_cpl vmx est tm2 ssse3 cx16 xtpr pdcm pcid sse4_1 sse4_2 x2apic popcnt tsc_deadline_timer aes xsave avx f16c rdrand lahf_lm ida arat epb pln pts dtherm tpr_shadow vnmi flexpriority ept vpid fsgsbase smep erms xsaveopt
bugs		:
bogomips	: 4790.38
clflush size	: 64
cache_alignment	: 64
address sizes	: 36 bits physical, 48 bits virtual
power management:

processor	: 3
vendor_id	: GenuineIntel
cpu family	: 6
model		: 58
model name	: Intel(R) Core(TM) i7-3630QM CPU @ 2.40GHz
stepping	: 9
microcode	: 0x15
cpu MHz		: 2752.593
cache size	: 6144 KB
physical id	: 0
siblings	: 8
core id		: 3
cpu cores	: 4
apicid		: 6
initial apicid	: 6
fpu		: yes
fpu_exception	: yes
cpuid level	: 13
wp		: yes
flags		: fpu vme de pse tsc msr pae mce cx8 apic sep mtrr pge mca cmov pat pse36 clflush dts acpi mmx fxsr sse sse2 ss ht tm pbe syscall nx rdtscp lm constant_tsc arch_perfmon pebs bts rep_good nopl xtopology nonstop_tsc aperfmperf eagerfpu pni pclmulqdq dtes64 monitor ds_cpl vmx est tm2 ssse3 cx16 xtpr pdcm pcid sse4_1 sse4_2 x2apic popcnt tsc_deadline_timer aes xsave avx f16c rdrand lahf_lm ida arat epb pln pts dtherm tpr_shadow vnmi flexpriority ept vpid fsgsbase smep erms xsaveopt
bugs		:
bogomips	: 4790.38
clflush size	: 64
cache_alignment	: 64
address sizes	: 36 bits physical, 48 bits virtual
power management:

processor	: 4
vendor_id	: GenuineIntel
cpu family	: 6
model		: 58
model name	: Intel(R) Core(TM) i7-3630QM CPU @ 2.40GHz
stepping	: 9
microcode	: 0x15
cpu MHz		: 2698.968
cache size	: 6144 KB
physical id	: 0
siblings	: 8
core id		: 0
cpu cores	: 4
apicid		: 1
initial apicid	: 1
fpu		: yes
fpu_exception	: yes
cpuid level	: 13
wp		: yes
flags		: fpu vme de pse tsc msr pae mce cx8 apic sep mtrr pge mca cmov pat pse36 clflush dts acpi mmx fxsr sse sse2 ss ht tm pbe syscall nx rdtscp lm constant_tsc arch_perfmon pebs bts rep_good nopl xtopology nonstop_tsc aperfmperf eagerfpu pni pclmulqdq dtes64 monitor ds_cpl vmx est tm2 ssse3 cx16 xtpr pdcm pcid sse4_1 sse4_2 x2apic popcnt tsc_deadline_timer aes xsave avx f16c rdrand lahf_lm ida arat epb pln pts dtherm tpr_shadow vnmi flexpriority ept vpid fsgsbase smep erms xsaveopt
bugs		:
bogomips	: 4790.38
clflush size	: 64
cache_alignment	: 64
address sizes	: 36 bits physical, 48 bits virtual
power management:

processor	: 5
vendor_id	: GenuineIntel
cpu family	: 6
model		: 58
model name	: Intel(R) Core(TM) i7-3630QM CPU @ 2.40GHz
stepping	: 9
microcode	: 0x15
cpu MHz		: 2501.437
cache size	: 6144 KB
physical id	: 0
siblings	: 8
core id		: 1
cpu cores	: 4
apicid		: 3
initial apicid	: 3
fpu		: yes
fpu_exception	: yes
cpuid level	: 13
wp		: yes
flags		: fpu vme de pse tsc msr pae mce cx8 apic sep mtrr pge mca cmov pat pse36 clflush dts acpi mmx fxsr sse sse2 ss ht tm pbe syscall nx rdtscp lm constant_tsc arch_perfmon pebs bts rep_good nopl xtopology nonstop_tsc aperfmperf eagerfpu pni pclmulqdq dtes64 monitor ds_cpl vmx est tm2 ssse3 cx16 xtpr pdcm pcid sse4_1 sse4_2 x2apic popcnt tsc_deadline_timer aes xsave avx f16c rdrand lahf_lm ida arat epb pln pts dtherm tpr_shadow vnmi flexpriority ept vpid fsgsbase smep erms xsaveopt
bugs		:
bogomips	: 4790.38
clflush size	: 64
cache_alignment	: 64
address sizes	: 36 bits physical, 48 bits virtual
power management:

processor	: 6
vendor_id	: GenuineIntel
cpu family	: 6
model		: 58
model name	: Intel(R) Core(TM) i7-3630QM CPU @ 2.40GHz
stepping	: 9
microcode	: 0x15
cpu MHz		: 2799.656
cache size	: 6144 KB
physical id	: 0
siblings	: 8
core id		: 2
cpu cores	: 4
apicid		: 5
initial apicid	: 5
fpu		: yes
fpu_exception	: yes
cpuid level	: 13
wp		: yes
flags		: fpu vme de pse tsc msr pae mce cx8 apic sep mtrr pge mca cmov pat pse36 clflush dts acpi mmx fxsr sse sse2 ss ht tm pbe syscall nx rdtscp lm constant_tsc arch_perfmon pebs bts rep_good nopl xtopology nonstop_tsc aperfmperf eagerfpu pni pclmulqdq dtes64 monitor ds_cpl vmx est tm2 ssse3 cx16 xtpr pdcm pcid sse4_1 sse4_2 x2apic popcnt tsc_deadline_timer aes xsave avx f16c rdrand lahf_lm ida arat epb pln pts dtherm tpr_shadow vnmi flexpriority ept vpid fsgsbase smep erms xsaveopt
bugs		:
bogomips	: 4790.38
clflush size	: 64
cache_alignment	: 64
address sizes	: 36 bits physical, 48 bits virtual
power management:

processor	: 7
vendor_id	: GenuineIntel
cpu family	: 6
model		: 58
model name	: Intel(R) Core(TM) i7-3630QM CPU @ 2.40GHz
stepping	: 9
microcode	: 0x15
cpu MHz		: 2754.093
cache size	: 6144 KB
physical id	: 0
siblings	: 8
core id		: 3
cpu cores	: 4
apicid		: 7
initial apicid	: 7
fpu		: yes
fpu_exception	: yes
cpuid level	: 13
wp		: yes
flags		: fpu vme de pse tsc msr pae mce cx8 apic sep mtrr pge mca cmov pat pse36 clflush dts acpi mmx fxsr sse sse2 ss ht tm pbe syscall nx rdtscp lm constant_tsc arch_perfmon pebs bts rep_good nopl xtopology nonstop_tsc aperfmperf eagerfpu pni pclmulqdq dtes64 monitor ds_cpl vmx est tm2 ssse3 cx16 xtpr pdcm pcid sse4_1 sse4_2 x2apic popcnt tsc_deadline_timer aes xsave avx f16c rdrand lahf_lm ida arat epb pln pts dtherm tpr_shadow vnmi flexpriority ept vpid fsgsbase smep erms xsaveopt
bugs		:
bogomips	: 4790.38
clflush size	: 64
cache_alignment	: 64
address sizes	: 36 bits physical, 48 bits virtual
power management:



Memory: 4k page, physical 8065652k(5596364k free), swap 0k(0k free)

vm_info: OpenJDK 64-Bit Server VM (25.25-b02) for linux-amd64 JRE (1.8.0_25-b18), built on Nov 16 2014 16:13:29 by "builduser" with gcc 4.9.2

time: Sun Jun  7 00:08:26 2015
elapsed time: 0 seconds (0d 0h 0m 0s)

