#
# A fatal error has been detected by the Java Runtime Environment:
#
#  Internal Error (javaClasses.cpp:126), pid=1814, tid=140107681576704
#  fatal error: Invalid layout of preloaded class
#
# JRE version:  (8.0_25-b18) (build )
# Java VM: OpenJDK 64-Bit Server VM (25.25-b02 mixed mode linux-amd64 compressed oops)
# Failed to write core dump. Core dumps have been disabled. To enable core dumping, try "ulimit -c unlimited" before starting Java again
#
# If you would like to submit a bug report, please visit:
#   http://bugreport.sun.com/bugreport/crash.jsp
#

---------------  T H R E A D  ---------------

Current thread (0x00007f6d54008800):  JavaThread "Unknown thread" [_thread_in_vm, id=1816, stack(0x00007f6d5c873000,0x00007f6d5c974000)]

Stack: [0x00007f6d5c873000,0x00007f6d5c974000],  sp=0x00007f6d5c972960,  free space=1022k
Native frames: (J=compiled Java code, j=interpreted, Vv=VM code, C=native code)
V  [libjvm.so+0xa5fc27]
V  [libjvm.so+0x4dc332]
V  [libjvm.so+0x66b136]
V  [libjvm.so+0x66b256]
V  [libjvm.so+0x9d9efe]
V  [libjvm.so+0xa23b78]
V  [libjvm.so+0xa2505b]
V  [libjvm.so+0x617c48]
V  [libjvm.so+0xa073df]
V  [libjvm.so+0x68d4ee]  JNI_CreateJavaVM+0x5e
C  [libjli.so+0x2d2f]
C  [libpthread.so.0+0x7314]  start_thread+0xc4


---------------  P R O C E S S  ---------------

Java Threads: ( => current thread )

Other Threads:

=>0x00007f6d54008800 (exited) JavaThread "Unknown thread" [_thread_in_vm, id=1816, stack(0x00007f6d5c873000,0x00007f6d5c974000)]

VM state:not at safepoint (not fully initialized)

VM Mutex/Monitor currently owned by a thread: None

GC Heap History (0 events):
No events

Deoptimization events (0 events):
No events

Internal exceptions (0 events):
No events

Events (10 events):
Event: 0.005 loading class java/lang/CharSequence done
Event: 0.005 loading class java/lang/String done
Event: 0.005 loading class java/lang/Class
Event: 0.005 loading class java/lang/reflect/AnnotatedElement
Event: 0.005 loading class java/lang/reflect/AnnotatedElement done
Event: 0.005 loading class java/lang/reflect/GenericDeclaration
Event: 0.005 loading class java/lang/reflect/GenericDeclaration done
Event: 0.005 loading class java/lang/reflect/Type
Event: 0.005 loading class java/lang/reflect/Type done
Event: 0.005 loading class java/lang/Class done


Dynamic libraries:
00400000-00401000 r-xp 00000000 08:03 4882565                            /usr/lib/jvm/java-8-openjdk/jre/bin/java
00600000-00601000 rw-p 00000000 08:03 4882565                            /usr/lib/jvm/java-8-openjdk/jre/bin/java
02185000-021a6000 rw-p 00000000 00:00 0                                  [heap]
84e00000-8a100000 rw-p 00000000 00:00 0 
8a100000-d6f80000 ---p 00000000 00:00 0 
d6f80000-d9880000 rw-p 00000000 00:00 0 
d9880000-100000000 ---p 00000000 00:00 0 
100000000-100060000 rw-p 00000000 00:00 0 
100060000-140000000 ---p 00000000 00:00 0 
7f6d20270000-7f6d24000000 rw-p 00000000 00:00 0 
7f6d24000000-7f6d24021000 rw-p 00000000 00:00 0 
7f6d24021000-7f6d28000000 ---p 00000000 00:00 0 
7f6d28000000-7f6d28021000 rw-p 00000000 00:00 0 
7f6d28021000-7f6d2c000000 ---p 00000000 00:00 0 
7f6d2c000000-7f6d2c021000 rw-p 00000000 00:00 0 
7f6d2c021000-7f6d30000000 ---p 00000000 00:00 0 
7f6d30000000-7f6d30021000 rw-p 00000000 00:00 0 
7f6d30021000-7f6d34000000 ---p 00000000 00:00 0 
7f6d34000000-7f6d34021000 rw-p 00000000 00:00 0 
7f6d34021000-7f6d38000000 ---p 00000000 00:00 0 
7f6d38000000-7f6d38021000 rw-p 00000000 00:00 0 
7f6d38021000-7f6d3c000000 ---p 00000000 00:00 0 
7f6d3c000000-7f6d3c021000 rw-p 00000000 00:00 0 
7f6d3c021000-7f6d40000000 ---p 00000000 00:00 0 
7f6d40000000-7f6d40021000 rw-p 00000000 00:00 0 
7f6d40021000-7f6d44000000 ---p 00000000 00:00 0 
7f6d44f0b000-7f6d45000000 r--s 017dd000 08:03 10099466                   /home/netkuba/android-sdks/platforms/android-22/android.jar
7f6d45000000-7f6d45270000 rwxp 00000000 00:00 0 
7f6d45270000-7f6d54000000 ---p 00000000 00:00 0 
7f6d54000000-7f6d54061000 rw-p 00000000 00:00 0 
7f6d54061000-7f6d58000000 ---p 00000000 00:00 0 
7f6d58059000-7f6d584cf000 rw-p 00000000 00:00 0 
7f6d584cf000-7f6d588cf000 ---p 00000000 00:00 0 
7f6d588cf000-7f6d58ca8000 rw-p 00000000 00:00 0 
7f6d58ca8000-7f6d58ca9000 ---p 00000000 00:00 0 
7f6d58ca9000-7f6d58da9000 rw-p 00000000 00:00 0                          [stack:1824]
7f6d58da9000-7f6d58daa000 ---p 00000000 00:00 0 
7f6d58daa000-7f6d58eaa000 rw-p 00000000 00:00 0                          [stack:1823]
7f6d58eaa000-7f6d58eab000 ---p 00000000 00:00 0 
7f6d58eab000-7f6d58fab000 rw-p 00000000 00:00 0                          [stack:1822]
7f6d58fab000-7f6d58fac000 ---p 00000000 00:00 0 
7f6d58fac000-7f6d590ac000 rw-p 00000000 00:00 0                          [stack:1821]
7f6d590ac000-7f6d590ad000 ---p 00000000 00:00 0 
7f6d590ad000-7f6d591ad000 rw-p 00000000 00:00 0                          [stack:1820]
7f6d591ad000-7f6d591ae000 ---p 00000000 00:00 0 
7f6d591ae000-7f6d592ae000 rw-p 00000000 00:00 0                          [stack:1819]
7f6d592ae000-7f6d592af000 ---p 00000000 00:00 0 
7f6d592af000-7f6d593af000 rw-p 00000000 00:00 0                          [stack:1818]
7f6d593af000-7f6d593b0000 ---p 00000000 00:00 0 
7f6d593b0000-7f6d594da000 rw-p 00000000 00:00 0                          [stack:1817]
7f6d594da000-7f6d59741000 ---p 00000000 00:00 0 
7f6d59741000-7f6d5976b000 rw-p 00000000 00:00 0 
7f6d5976b000-7f6d599d1000 ---p 00000000 00:00 0 
7f6d599d1000-7f6d599e7000 rw-p 00000000 00:00 0 
7f6d599e7000-7f6d59b1a000 ---p 00000000 00:00 0 
7f6d59b1a000-7f6d59b25000 rw-p 00000000 00:00 0 
7f6d59b25000-7f6d59edb000 ---p 00000000 00:00 0 
7f6d59edb000-7f6d59ee3000 r-xp 00000000 08:03 4982959                    /usr/lib/jvm/java-8-openjdk/jre/lib/amd64/libzip.so
7f6d59ee3000-7f6d5a0e2000 ---p 00008000 08:03 4982959                    /usr/lib/jvm/java-8-openjdk/jre/lib/amd64/libzip.so
7f6d5a0e2000-7f6d5a0e3000 rw-p 00007000 08:03 4982959                    /usr/lib/jvm/java-8-openjdk/jre/lib/amd64/libzip.so
7f6d5a0e3000-7f6d5a0ee000 r-xp 00000000 08:03 920587                     /usr/lib/libnss_files-2.20.so
7f6d5a0ee000-7f6d5a2ee000 ---p 0000b000 08:03 920587                     /usr/lib/libnss_files-2.20.so
7f6d5a2ee000-7f6d5a2ef000 r--p 0000b000 08:03 920587                     /usr/lib/libnss_files-2.20.so
7f6d5a2ef000-7f6d5a2f0000 rw-p 0000c000 08:03 920587                     /usr/lib/libnss_files-2.20.so
7f6d5a2f0000-7f6d5a31d000 r-xp 00000000 08:03 4982958                    /usr/lib/jvm/java-8-openjdk/jre/lib/amd64/libjava.so
7f6d5a31d000-7f6d5a51c000 ---p 0002d000 08:03 4982958                    /usr/lib/jvm/java-8-openjdk/jre/lib/amd64/libjava.so
7f6d5a51c000-7f6d5a51e000 rw-p 0002c000 08:03 4982958                    /usr/lib/jvm/java-8-openjdk/jre/lib/amd64/libjava.so
7f6d5a51e000-7f6d5a52b000 r-xp 00000000 08:03 4982951                    /usr/lib/jvm/java-8-openjdk/jre/lib/amd64/libverify.so
7f6d5a52b000-7f6d5a72a000 ---p 0000d000 08:03 4982951                    /usr/lib/jvm/java-8-openjdk/jre/lib/amd64/libverify.so
7f6d5a72a000-7f6d5a72c000 rw-p 0000c000 08:03 4982951                    /usr/lib/jvm/java-8-openjdk/jre/lib/amd64/libverify.so
7f6d5a72c000-7f6d5a733000 r-xp 00000000 08:03 920622                     /usr/lib/librt-2.20.so
7f6d5a733000-7f6d5a932000 ---p 00007000 08:03 920622                     /usr/lib/librt-2.20.so
7f6d5a932000-7f6d5a933000 r--p 00006000 08:03 920622                     /usr/lib/librt-2.20.so
7f6d5a933000-7f6d5a934000 rw-p 00007000 08:03 920622                     /usr/lib/librt-2.20.so
7f6d5a934000-7f6d5aa37000 r-xp 00000000 08:03 920611                     /usr/lib/libm-2.20.so
7f6d5aa37000-7f6d5ac37000 ---p 00103000 08:03 920611                     /usr/lib/libm-2.20.so
7f6d5ac37000-7f6d5ac38000 r--p 00103000 08:03 920611                     /usr/lib/libm-2.20.so
7f6d5ac38000-7f6d5ac39000 rw-p 00104000 08:03 920611                     /usr/lib/libm-2.20.so
7f6d5ac39000-7f6d5b89e000 r-xp 00000000 08:03 4982982                    /usr/lib/jvm/java-8-openjdk/jre/lib/amd64/server/libjvm.so
7f6d5b89e000-7f6d5ba9e000 ---p 00c65000 08:03 4982982                    /usr/lib/jvm/java-8-openjdk/jre/lib/amd64/server/libjvm.so
7f6d5ba9e000-7f6d5bb6a000 rw-p 00c65000 08:03 4982982                    /usr/lib/jvm/java-8-openjdk/jre/lib/amd64/server/libjvm.so
7f6d5bb6a000-7f6d5bba9000 rw-p 00000000 00:00 0 
7f6d5bba9000-7f6d5bd42000 r-xp 00000000 08:03 920612                     /usr/lib/libc-2.20.so
7f6d5bd42000-7f6d5bf42000 ---p 00199000 08:03 920612                     /usr/lib/libc-2.20.so
7f6d5bf42000-7f6d5bf46000 r--p 00199000 08:03 920612                     /usr/lib/libc-2.20.so
7f6d5bf46000-7f6d5bf48000 rw-p 0019d000 08:03 920612                     /usr/lib/libc-2.20.so
7f6d5bf48000-7f6d5bf4c000 rw-p 00000000 00:00 0 
7f6d5bf4c000-7f6d5bf4f000 r-xp 00000000 08:03 920585                     /usr/lib/libdl-2.20.so
7f6d5bf4f000-7f6d5c14e000 ---p 00003000 08:03 920585                     /usr/lib/libdl-2.20.so
7f6d5c14e000-7f6d5c14f000 r--p 00002000 08:03 920585                     /usr/lib/libdl-2.20.so
7f6d5c14f000-7f6d5c150000 rw-p 00003000 08:03 920585                     /usr/lib/libdl-2.20.so
7f6d5c150000-7f6d5c15d000 r-xp 00000000 08:03 4982979                    /usr/lib/jvm/java-8-openjdk/jre/lib/amd64/jli/libjli.so
7f6d5c15d000-7f6d5c35c000 ---p 0000d000 08:03 4982979                    /usr/lib/jvm/java-8-openjdk/jre/lib/amd64/jli/libjli.so
7f6d5c35c000-7f6d5c35d000 rw-p 0000c000 08:03 4982979                    /usr/lib/jvm/java-8-openjdk/jre/lib/amd64/jli/libjli.so
7f6d5c35d000-7f6d5c372000 r-xp 00000000 08:03 923818                     /usr/lib/libz.so.1.2.8
7f6d5c372000-7f6d5c571000 ---p 00015000 08:03 923818                     /usr/lib/libz.so.1.2.8
7f6d5c571000-7f6d5c572000 r--p 00014000 08:03 923818                     /usr/lib/libz.so.1.2.8
7f6d5c572000-7f6d5c573000 rw-p 00015000 08:03 923818                     /usr/lib/libz.so.1.2.8
7f6d5c573000-7f6d5c58a000 r-xp 00000000 08:03 920592                     /usr/lib/libpthread-2.20.so
7f6d5c58a000-7f6d5c789000 ---p 00017000 08:03 920592                     /usr/lib/libpthread-2.20.so
7f6d5c789000-7f6d5c78a000 r--p 00016000 08:03 920592                     /usr/lib/libpthread-2.20.so
7f6d5c78a000-7f6d5c78b000 rw-p 00017000 08:03 920592                     /usr/lib/libpthread-2.20.so
7f6d5c78b000-7f6d5c78f000 rw-p 00000000 00:00 0 
7f6d5c78f000-7f6d5c7b1000 r-xp 00000000 08:03 920589                     /usr/lib/ld-2.20.so
7f6d5c7c5000-7f6d5c873000 rw-p 00000000 00:00 0 
7f6d5c873000-7f6d5c876000 ---p 00000000 00:00 0 
7f6d5c876000-7f6d5c978000 rw-p 00000000 00:00 0                          [stack:1816]
7f6d5c97b000-7f6d5c9a5000 rw-p 00000000 00:00 0 
7f6d5c9a5000-7f6d5c9ad000 rw-s 00000000 00:1f 28293                      /tmp/hsperfdata_netkuba/1814
7f6d5c9ad000-7f6d5c9ae000 rw-p 00000000 00:00 0 
7f6d5c9ae000-7f6d5c9af000 r--p 00000000 00:00 0 
7f6d5c9af000-7f6d5c9b0000 rw-p 00000000 00:00 0 
7f6d5c9b0000-7f6d5c9b1000 r--p 00021000 08:03 920589                     /usr/lib/ld-2.20.so
7f6d5c9b1000-7f6d5c9b2000 rw-p 00022000 08:03 920589                     /usr/lib/ld-2.20.so
7f6d5c9b2000-7f6d5c9b3000 rw-p 00000000 00:00 0 
7fffb35ec000-7fffb360d000 rw-p 00000000 00:00 0                          [stack]
7fffb36a9000-7fffb36ab000 r--p 00000000 00:00 0                          [vvar]
7fffb36ab000-7fffb36ad000 r-xp 00000000 00:00 0                          [vdso]
ffffffffff600000-ffffffffff601000 r-xp 00000000 00:00 0                  [vsyscall]

VM Arguments:
jvm_args: -Dfile.encoding=UTF-8 -Xbootclasspath:/home/netkuba/android-sdks/platforms/android-22/android.jar 
java_command: dominant_colors.KMeans
java_class_path (initial): /home/netkuba/image_library/image_app/bin/classes:/home/netkuba/image_library/image_app/libs/android-support-v4.jar:/home/netkuba/image_library/appcompat_v7/libs/android-support-v7-appcompat.jar:/home/netkuba/image_library/appcompat_v7/bin/appcompat_v7.jar:/home/netkuba/image_library/opencv_library/bin/opencv_library.jar
Launcher Type: SUN_STANDARD

Environment Variables:
PATH=/usr/local/sbin:/usr/local/bin:/usr/bin:/opt/cuda/bin:/usr/share/java/gradle/bin:/usr/lib/jvm/default/bin:/usr/bin/site_perl:/usr/bin/vendor_perl:/usr/bin/core_perl
SHELL=/bin/bash
DISPLAY=:0

Signal Handlers:
SIGSEGV: [libjvm.so+0xa606e0], sa_mask[0]=11111111011111111101111111111110, sa_flags=SA_RESTART|SA_SIGINFO
SIGBUS: [libjvm.so+0xa606e0], sa_mask[0]=11111111011111111101111111111110, sa_flags=SA_RESTART|SA_SIGINFO
SIGFPE: [libjvm.so+0x8b4a70], sa_mask[0]=11111111011111111101111111111110, sa_flags=SA_RESTART|SA_SIGINFO
SIGPIPE: [libjvm.so+0x8b4a70], sa_mask[0]=11111111011111111101111111111110, sa_flags=SA_RESTART|SA_SIGINFO
SIGXFSZ: [libjvm.so+0x8b4a70], sa_mask[0]=11111111011111111101111111111110, sa_flags=SA_RESTART|SA_SIGINFO
SIGILL: [libjvm.so+0x8b4a70], sa_mask[0]=11111111011111111101111111111110, sa_flags=SA_RESTART|SA_SIGINFO
SIGUSR1: SIG_DFL, sa_mask[0]=00000000000000000000000000000000, sa_flags=none
SIGUSR2: [libjvm.so+0x8b4920], sa_mask[0]=00100000000000000000000000000000, sa_flags=SA_RESTART|SA_SIGINFO
SIGHUP: SIG_DFL, sa_mask[0]=00000000000000000000000000000000, sa_flags=none
SIGINT: SIG_DFL, sa_mask[0]=00000000000000000000000000000000, sa_flags=none
SIGTERM: SIG_DFL, sa_mask[0]=00000000000000000000000000000000, sa_flags=none
SIGQUIT: SIG_DFL, sa_mask[0]=00000000000000000000000000000000, sa_flags=none


---------------  S Y S T E M  ---------------

OS:LSB_VERSION=1.4
DISTRIB_ID=Arch
DISTRIB_RELEASE=rolling
DISTRIB_DESCRIPTION="Arch Linux"

uname:Linux 3.17.6-1-ARCH #1 SMP PREEMPT Sun Dec 7 23:43:32 UTC 2014 x86_64
libc:glibc 2.20 NPTL 2.20 
rlimit: STACK 8192k, CORE 0k, NPROC 31481, NOFILE 4096, AS infinity
load average:0.08 0.10 0.07

/proc/meminfo:
MemTotal:        8065652 kB
MemFree:         5428372 kB
MemAvailable:    6074724 kB
Buffers:          161012 kB
Cached:           664868 kB
SwapCached:            0 kB
Active:          1956320 kB
Inactive:         438692 kB
Active(anon):    1569716 kB
Inactive(anon):    53416 kB
Active(file):     386604 kB
Inactive(file):   385276 kB
Unevictable:           0 kB
Mlocked:               0 kB
SwapTotal:             0 kB
SwapFree:              0 kB
Dirty:                 0 kB
Writeback:             0 kB
AnonPages:       1569280 kB
Mapped:           229284 kB
Shmem:             54004 kB
Slab:             118344 kB
SReclaimable:      86816 kB
SUnreclaim:        31528 kB
KernelStack:        6608 kB
PageTables:        29272 kB
NFS_Unstable:          0 kB
Bounce:                0 kB
WritebackTmp:          0 kB
CommitLimit:     4032824 kB
Committed_AS:    3658324 kB
VmallocTotal:   34359738367 kB
VmallocUsed:      366440 kB
VmallocChunk:   34359350388 kB
HardwareCorrupted:     0 kB
AnonHugePages:   1120256 kB
HugePages_Total:       0
HugePages_Free:        0
HugePages_Rsvd:        0
HugePages_Surp:        0
Hugepagesize:       2048 kB
DirectMap4k:       69396 kB
DirectMap2M:     8204288 kB


CPU:total 8 (4 cores per cpu, 2 threads per core) family 6 model 58 stepping 9, cmov, cx8, fxsr, mmx, sse, sse2, sse3, ssse3, sse4.1, sse4.2, popcnt, avx, aes, clmul, erms, ht, tsc, tscinvbit, tscinv

/proc/cpuinfo:
processor	: 0
vendor_id	: GenuineIntel
cpu family	: 6
model		: 58
model name	: Intel(R) Core(TM) i7-3630QM CPU @ 2.40GHz
stepping	: 9
microcode	: 0x15
cpu MHz		: 2727.375
cache size	: 6144 KB
physical id	: 0
siblings	: 8
core id		: 0
cpu cores	: 4
apicid		: 0
initial apicid	: 0
fpu		: yes
fpu_exception	: yes
cpuid level	: 13
wp		: yes
flags		: fpu vme de pse tsc msr pae mce cx8 apic sep mtrr pge mca cmov pat pse36 clflush dts acpi mmx fxsr sse sse2 ss ht tm pbe syscall nx rdtscp lm constant_tsc arch_perfmon pebs bts rep_good nopl xtopology nonstop_tsc aperfmperf eagerfpu pni pclmulqdq dtes64 monitor ds_cpl vmx est tm2 ssse3 cx16 xtpr pdcm pcid sse4_1 sse4_2 x2apic popcnt tsc_deadline_timer aes xsave avx f16c rdrand lahf_lm ida arat epb pln pts dtherm tpr_shadow vnmi flexpriority ept vpid fsgsbase smep erms xsaveopt
bugs		:
bogomips	: 4790.38
clflush size	: 64
cache_alignment	: 64
address sizes	: 36 bits physical, 48 bits virtual
power management:

processor	: 1
vendor_id	: GenuineIntel
cpu family	: 6
model		: 58
model name	: Intel(R) Core(TM) i7-3630QM CPU @ 2.40GHz
stepping	: 9
microcode	: 0x15
cpu MHz		: 2548.125
cache size	: 6144 KB
physical id	: 0
siblings	: 8
core id		: 1
cpu cores	: 4
apicid		: 2
initial apicid	: 2
fpu		: yes
fpu_exception	: yes
cpuid level	: 13
wp		: yes
flags		: fpu vme de pse tsc msr pae mce cx8 apic sep mtrr pge mca cmov pat pse36 clflush dts acpi mmx fxsr sse sse2 ss ht tm pbe syscall nx rdtscp lm constant_tsc arch_perfmon pebs bts rep_good nopl xtopology nonstop_tsc aperfmperf eagerfpu pni pclmulqdq dtes64 monitor ds_cpl vmx est tm2 ssse3 cx16 xtpr pdcm pcid sse4_1 sse4_2 x2apic popcnt tsc_deadline_timer aes xsave avx f16c rdrand lahf_lm ida arat epb pln pts dtherm tpr_shadow vnmi flexpriority ept vpid fsgsbase smep erms xsaveopt
bugs		:
bogomips	: 4790.38
clflush size	: 64
cache_alignment	: 64
address sizes	: 36 bits physical, 48 bits virtual
power management:

processor	: 2
vendor_id	: GenuineIntel
cpu family	: 6
model		: 58
model name	: Intel(R) Core(TM) i7-3630QM CPU @ 2.40GHz
stepping	: 9
microcode	: 0x15
cpu MHz		: 2039.156
cache size	: 6144 KB
physical id	: 0
siblings	: 8
core id		: 2
cpu cores	: 4
apicid		: 4
initial apicid	: 4
fpu		: yes
fpu_exception	: yes
cpuid level	: 13
wp		: yes
flags		: fpu vme de pse tsc msr pae mce cx8 apic sep mtrr pge mca cmov pat pse36 clflush dts acpi mmx fxsr sse sse2 ss ht tm pbe syscall nx rdtscp lm constant_tsc arch_perfmon pebs bts rep_good nopl xtopology nonstop_tsc aperfmperf eagerfpu pni pclmulqdq dtes64 monitor ds_cpl vmx est tm2 ssse3 cx16 xtpr pdcm pcid sse4_1 sse4_2 x2apic popcnt tsc_deadline_timer aes xsave avx f16c rdrand lahf_lm ida arat epb pln pts dtherm tpr_shadow vnmi flexpriority ept vpid fsgsbase smep erms xsaveopt
bugs		:
bogomips	: 4790.38
clflush size	: 64
cache_alignment	: 64
address sizes	: 36 bits physical, 48 bits virtual
power management:

processor	: 3
vendor_id	: GenuineIntel
cpu family	: 6
model		: 58
model name	: Intel(R) Core(TM) i7-3630QM CPU @ 2.40GHz
stepping	: 9
microcode	: 0x15
cpu MHz		: 2547.656
cache size	: 6144 KB
physical id	: 0
siblings	: 8
core id		: 3
cpu cores	: 4
apicid		: 6
initial apicid	: 6
fpu		: yes
fpu_exception	: yes
cpuid level	: 13
wp		: yes
flags		: fpu vme de pse tsc msr pae mce cx8 apic sep mtrr pge mca cmov pat pse36 clflush dts acpi mmx fxsr sse sse2 ss ht tm pbe syscall nx rdtscp lm constant_tsc arch_perfmon pebs bts rep_good nopl xtopology nonstop_tsc aperfmperf eagerfpu pni pclmulqdq dtes64 monitor ds_cpl vmx est tm2 ssse3 cx16 xtpr pdcm pcid sse4_1 sse4_2 x2apic popcnt tsc_deadline_timer aes xsave avx f16c rdrand lahf_lm ida arat epb pln pts dtherm tpr_shadow vnmi flexpriority ept vpid fsgsbase smep erms xsaveopt
bugs		:
bogomips	: 4790.38
clflush size	: 64
cache_alignment	: 64
address sizes	: 36 bits physical, 48 bits virtual
power management:

processor	: 4
vendor_id	: GenuineIntel
cpu family	: 6
model		: 58
model name	: Intel(R) Core(TM) i7-3630QM CPU @ 2.40GHz
stepping	: 9
microcode	: 0x15
cpu MHz		: 3039.375
cache size	: 6144 KB
physical id	: 0
siblings	: 8
core id		: 0
cpu cores	: 4
apicid		: 1
initial apicid	: 1
fpu		: yes
fpu_exception	: yes
cpuid level	: 13
wp		: yes
flags		: fpu vme de pse tsc msr pae mce cx8 apic sep mtrr pge mca cmov pat pse36 clflush dts acpi mmx fxsr sse sse2 ss ht tm pbe syscall nx rdtscp lm constant_tsc arch_perfmon pebs bts rep_good nopl xtopology nonstop_tsc aperfmperf eagerfpu pni pclmulqdq dtes64 monitor ds_cpl vmx est tm2 ssse3 cx16 xtpr pdcm pcid sse4_1 sse4_2 x2apic popcnt tsc_deadline_timer aes xsave avx f16c rdrand lahf_lm ida arat epb pln pts dtherm tpr_shadow vnmi flexpriority ept vpid fsgsbase smep erms xsaveopt
bugs		:
bogomips	: 4790.38
clflush size	: 64
cache_alignment	: 64
address sizes	: 36 bits physical, 48 bits virtual
power management:

processor	: 5
vendor_id	: GenuineIntel
cpu family	: 6
model		: 58
model name	: Intel(R) Core(TM) i7-3630QM CPU @ 2.40GHz
stepping	: 9
microcode	: 0x15
cpu MHz		: 2622.187
cache size	: 6144 KB
physical id	: 0
siblings	: 8
core id		: 1
cpu cores	: 4
apicid		: 3
initial apicid	: 3
fpu		: yes
fpu_exception	: yes
cpuid level	: 13
wp		: yes
flags		: fpu vme de pse tsc msr pae mce cx8 apic sep mtrr pge mca cmov pat pse36 clflush dts acpi mmx fxsr sse sse2 ss ht tm pbe syscall nx rdtscp lm constant_tsc arch_perfmon pebs bts rep_good nopl xtopology nonstop_tsc aperfmperf eagerfpu pni pclmulqdq dtes64 monitor ds_cpl vmx est tm2 ssse3 cx16 xtpr pdcm pcid sse4_1 sse4_2 x2apic popcnt tsc_deadline_timer aes xsave avx f16c rdrand lahf_lm ida arat epb pln pts dtherm tpr_shadow vnmi flexpriority ept vpid fsgsbase smep erms xsaveopt
bugs		:
bogomips	: 4790.38
clflush size	: 64
cache_alignment	: 64
address sizes	: 36 bits physical, 48 bits virtual
power management:

processor	: 6
vendor_id	: GenuineIntel
cpu family	: 6
model		: 58
model name	: Intel(R) Core(TM) i7-3630QM CPU @ 2.40GHz
stepping	: 9
microcode	: 0x15
cpu MHz		: 2627.062
cache size	: 6144 KB
physical id	: 0
siblings	: 8
core id		: 2
cpu cores	: 4
apicid		: 5
initial apicid	: 5
fpu		: yes
fpu_exception	: yes
cpuid level	: 13
wp		: yes
flags		: fpu vme de pse tsc msr pae mce cx8 apic sep mtrr pge mca cmov pat pse36 clflush dts acpi mmx fxsr sse sse2 ss ht tm pbe syscall nx rdtscp lm constant_tsc arch_perfmon pebs bts rep_good nopl xtopology nonstop_tsc aperfmperf eagerfpu pni pclmulqdq dtes64 monitor ds_cpl vmx est tm2 ssse3 cx16 xtpr pdcm pcid sse4_1 sse4_2 x2apic popcnt tsc_deadline_timer aes xsave avx f16c rdrand lahf_lm ida arat epb pln pts dtherm tpr_shadow vnmi flexpriority ept vpid fsgsbase smep erms xsaveopt
bugs		:
bogomips	: 4790.38
clflush size	: 64
cache_alignment	: 64
address sizes	: 36 bits physical, 48 bits virtual
power management:

processor	: 7
vendor_id	: GenuineIntel
cpu family	: 6
model		: 58
model name	: Intel(R) Core(TM) i7-3630QM CPU @ 2.40GHz
stepping	: 9
microcode	: 0x15
cpu MHz		: 2734.312
cache size	: 6144 KB
physical id	: 0
siblings	: 8
core id		: 3
cpu cores	: 4
apicid		: 7
initial apicid	: 7
fpu		: yes
fpu_exception	: yes
cpuid level	: 13
wp		: yes
flags		: fpu vme de pse tsc msr pae mce cx8 apic sep mtrr pge mca cmov pat pse36 clflush dts acpi mmx fxsr sse sse2 ss ht tm pbe syscall nx rdtscp lm constant_tsc arch_perfmon pebs bts rep_good nopl xtopology nonstop_tsc aperfmperf eagerfpu pni pclmulqdq dtes64 monitor ds_cpl vmx est tm2 ssse3 cx16 xtpr pdcm pcid sse4_1 sse4_2 x2apic popcnt tsc_deadline_timer aes xsave avx f16c rdrand lahf_lm ida arat epb pln pts dtherm tpr_shadow vnmi flexpriority ept vpid fsgsbase smep erms xsaveopt
bugs		:
bogomips	: 4790.38
clflush size	: 64
cache_alignment	: 64
address sizes	: 36 bits physical, 48 bits virtual
power management:



Memory: 4k page, physical 8065652k(5428372k free), swap 0k(0k free)

vm_info: OpenJDK 64-Bit Server VM (25.25-b02) for linux-amd64 JRE (1.8.0_25-b18), built on Nov 16 2014 16:13:29 by "builduser" with gcc 4.9.2

time: Sun Jun  7 01:20:37 2015
elapsed time: 0 seconds (0d 0h 0m 0s)

