#
# A fatal error has been detected by the Java Runtime Environment:
#
#  Internal Error (javaClasses.cpp:126), pid=1426, tid=140048092940032
#  fatal error: Invalid layout of preloaded class
#
# JRE version:  (8.0_25-b18) (build )
# Java VM: OpenJDK 64-Bit Server VM (25.25-b02 mixed mode linux-amd64 compressed oops)
# Failed to write core dump. Core dumps have been disabled. To enable core dumping, try "ulimit -c unlimited" before starting Java again
#
# If you would like to submit a bug report, please visit:
#   http://bugreport.sun.com/bugreport/crash.jsp
#

---------------  T H R E A D  ---------------

Current thread (0x00007f5f74008800):  JavaThread "Unknown thread" [_thread_in_vm, id=1431, stack(0x00007f5f7cc4c000,0x00007f5f7cd4d000)]

Stack: [0x00007f5f7cc4c000,0x00007f5f7cd4d000],  sp=0x00007f5f7cd4b960,  free space=1022k
Native frames: (J=compiled Java code, j=interpreted, Vv=VM code, C=native code)
V  [libjvm.so+0xa5fc27]
V  [libjvm.so+0x4dc332]
V  [libjvm.so+0x66b136]
V  [libjvm.so+0x66b256]
V  [libjvm.so+0x9d9efe]
V  [libjvm.so+0xa23b78]
V  [libjvm.so+0xa2505b]
V  [libjvm.so+0x617c48]
V  [libjvm.so+0xa073df]
V  [libjvm.so+0x68d4ee]  JNI_CreateJavaVM+0x5e
C  [libjli.so+0x2d2f]
C  [libpthread.so.0+0x7314]  start_thread+0xc4


---------------  P R O C E S S  ---------------

Java Threads: ( => current thread )

Other Threads:

=>0x00007f5f74008800 (exited) JavaThread "Unknown thread" [_thread_in_vm, id=1431, stack(0x00007f5f7cc4c000,0x00007f5f7cd4d000)]

VM state:not at safepoint (not fully initialized)

VM Mutex/Monitor currently owned by a thread: None

GC Heap History (0 events):
No events

Deoptimization events (0 events):
No events

Internal exceptions (0 events):
No events

Events (10 events):
Event: 0.005 loading class java/lang/CharSequence done
Event: 0.005 loading class java/lang/String done
Event: 0.005 loading class java/lang/Class
Event: 0.005 loading class java/lang/reflect/AnnotatedElement
Event: 0.005 loading class java/lang/reflect/AnnotatedElement done
Event: 0.005 loading class java/lang/reflect/GenericDeclaration
Event: 0.005 loading class java/lang/reflect/GenericDeclaration done
Event: 0.005 loading class java/lang/reflect/Type
Event: 0.005 loading class java/lang/reflect/Type done
Event: 0.005 loading class java/lang/Class done


Dynamic libraries:
00400000-00401000 r-xp 00000000 08:03 4882565                            /usr/lib/jvm/java-8-openjdk/jre/bin/java
00600000-00601000 rw-p 00000000 08:03 4882565                            /usr/lib/jvm/java-8-openjdk/jre/bin/java
01798000-017b9000 rw-p 00000000 00:00 0                                  [heap]
84e00000-8a100000 rw-p 00000000 00:00 0 
8a100000-d6f80000 ---p 00000000 00:00 0 
d6f80000-d9880000 rw-p 00000000 00:00 0 
d9880000-100000000 ---p 00000000 00:00 0 
100000000-100060000 rw-p 00000000 00:00 0 
100060000-140000000 ---p 00000000 00:00 0 
7f5f34000000-7f5f34021000 rw-p 00000000 00:00 0 
7f5f34021000-7f5f38000000 ---p 00000000 00:00 0 
7f5f3c000000-7f5f3c021000 rw-p 00000000 00:00 0 
7f5f3c021000-7f5f40000000 ---p 00000000 00:00 0 
7f5f44000000-7f5f44021000 rw-p 00000000 00:00 0 
7f5f44021000-7f5f48000000 ---p 00000000 00:00 0 
7f5f4c000000-7f5f4c021000 rw-p 00000000 00:00 0 
7f5f4c021000-7f5f50000000 ---p 00000000 00:00 0 
7f5f50000000-7f5f50021000 rw-p 00000000 00:00 0 
7f5f50021000-7f5f54000000 ---p 00000000 00:00 0 
7f5f54000000-7f5f54021000 rw-p 00000000 00:00 0 
7f5f54021000-7f5f58000000 ---p 00000000 00:00 0 
7f5f58000000-7f5f58021000 rw-p 00000000 00:00 0 
7f5f58021000-7f5f5c000000 ---p 00000000 00:00 0 
7f5f5c270000-7f5f60000000 rw-p 00000000 00:00 0 
7f5f60000000-7f5f60021000 rw-p 00000000 00:00 0 
7f5f60021000-7f5f64000000 ---p 00000000 00:00 0 
7f5f65000000-7f5f65270000 rwxp 00000000 00:00 0 
7f5f65270000-7f5f74000000 ---p 00000000 00:00 0 
7f5f74000000-7f5f74061000 rw-p 00000000 00:00 0 
7f5f74061000-7f5f78000000 ---p 00000000 00:00 0 
7f5f7833d000-7f5f78432000 r--s 017dd000 08:03 10099466                   /home/netkuba/android-sdks/platforms/android-22/android.jar
7f5f78432000-7f5f788a8000 rw-p 00000000 00:00 0 
7f5f788a8000-7f5f78ca8000 ---p 00000000 00:00 0 
7f5f78ca8000-7f5f79081000 rw-p 00000000 00:00 0 
7f5f79081000-7f5f79082000 ---p 00000000 00:00 0 
7f5f79082000-7f5f79182000 rw-p 00000000 00:00 0                          [stack:1439]
7f5f79182000-7f5f79183000 ---p 00000000 00:00 0 
7f5f79183000-7f5f79283000 rw-p 00000000 00:00 0                          [stack:1438]
7f5f79283000-7f5f79284000 ---p 00000000 00:00 0 
7f5f79284000-7f5f79384000 rw-p 00000000 00:00 0                          [stack:1437]
7f5f79384000-7f5f79385000 ---p 00000000 00:00 0 
7f5f79385000-7f5f79485000 rw-p 00000000 00:00 0                          [stack:1436]
7f5f79485000-7f5f79486000 ---p 00000000 00:00 0 
7f5f79486000-7f5f79586000 rw-p 00000000 00:00 0                          [stack:1435]
7f5f79586000-7f5f79587000 ---p 00000000 00:00 0 
7f5f79587000-7f5f79687000 rw-p 00000000 00:00 0                          [stack:1434]
7f5f79687000-7f5f79688000 ---p 00000000 00:00 0 
7f5f79688000-7f5f79788000 rw-p 00000000 00:00 0                          [stack:1433]
7f5f79788000-7f5f79789000 ---p 00000000 00:00 0 
7f5f79789000-7f5f798b3000 rw-p 00000000 00:00 0                          [stack:1432]
7f5f798b3000-7f5f79b1a000 ---p 00000000 00:00 0 
7f5f79b1a000-7f5f79b44000 rw-p 00000000 00:00 0 
7f5f79b44000-7f5f79daa000 ---p 00000000 00:00 0 
7f5f79daa000-7f5f79dc0000 rw-p 00000000 00:00 0 
7f5f79dc0000-7f5f79ef3000 ---p 00000000 00:00 0 
7f5f79ef3000-7f5f79efe000 rw-p 00000000 00:00 0 
7f5f79efe000-7f5f7a2b4000 ---p 00000000 00:00 0 
7f5f7a2b4000-7f5f7a2bc000 r-xp 00000000 08:03 4982959                    /usr/lib/jvm/java-8-openjdk/jre/lib/amd64/libzip.so
7f5f7a2bc000-7f5f7a4bb000 ---p 00008000 08:03 4982959                    /usr/lib/jvm/java-8-openjdk/jre/lib/amd64/libzip.so
7f5f7a4bb000-7f5f7a4bc000 rw-p 00007000 08:03 4982959                    /usr/lib/jvm/java-8-openjdk/jre/lib/amd64/libzip.so
7f5f7a4bc000-7f5f7a4c7000 r-xp 00000000 08:03 920587                     /usr/lib/libnss_files-2.20.so
7f5f7a4c7000-7f5f7a6c7000 ---p 0000b000 08:03 920587                     /usr/lib/libnss_files-2.20.so
7f5f7a6c7000-7f5f7a6c8000 r--p 0000b000 08:03 920587                     /usr/lib/libnss_files-2.20.so
7f5f7a6c8000-7f5f7a6c9000 rw-p 0000c000 08:03 920587                     /usr/lib/libnss_files-2.20.so
7f5f7a6c9000-7f5f7a6f6000 r-xp 00000000 08:03 4982958                    /usr/lib/jvm/java-8-openjdk/jre/lib/amd64/libjava.so
7f5f7a6f6000-7f5f7a8f5000 ---p 0002d000 08:03 4982958                    /usr/lib/jvm/java-8-openjdk/jre/lib/amd64/libjava.so
7f5f7a8f5000-7f5f7a8f7000 rw-p 0002c000 08:03 4982958                    /usr/lib/jvm/java-8-openjdk/jre/lib/amd64/libjava.so
7f5f7a8f7000-7f5f7a904000 r-xp 00000000 08:03 4982951                    /usr/lib/jvm/java-8-openjdk/jre/lib/amd64/libverify.so
7f5f7a904000-7f5f7ab03000 ---p 0000d000 08:03 4982951                    /usr/lib/jvm/java-8-openjdk/jre/lib/amd64/libverify.so
7f5f7ab03000-7f5f7ab05000 rw-p 0000c000 08:03 4982951                    /usr/lib/jvm/java-8-openjdk/jre/lib/amd64/libverify.so
7f5f7ab05000-7f5f7ab0c000 r-xp 00000000 08:03 920622                     /usr/lib/librt-2.20.so
7f5f7ab0c000-7f5f7ad0b000 ---p 00007000 08:03 920622                     /usr/lib/librt-2.20.so
7f5f7ad0b000-7f5f7ad0c000 r--p 00006000 08:03 920622                     /usr/lib/librt-2.20.so
7f5f7ad0c000-7f5f7ad0d000 rw-p 00007000 08:03 920622                     /usr/lib/librt-2.20.so
7f5f7ad0d000-7f5f7ae10000 r-xp 00000000 08:03 920611                     /usr/lib/libm-2.20.so
7f5f7ae10000-7f5f7b010000 ---p 00103000 08:03 920611                     /usr/lib/libm-2.20.so
7f5f7b010000-7f5f7b011000 r--p 00103000 08:03 920611                     /usr/lib/libm-2.20.so
7f5f7b011000-7f5f7b012000 rw-p 00104000 08:03 920611                     /usr/lib/libm-2.20.so
7f5f7b012000-7f5f7bc77000 r-xp 00000000 08:03 4982982                    /usr/lib/jvm/java-8-openjdk/jre/lib/amd64/server/libjvm.so
7f5f7bc77000-7f5f7be77000 ---p 00c65000 08:03 4982982                    /usr/lib/jvm/java-8-openjdk/jre/lib/amd64/server/libjvm.so
7f5f7be77000-7f5f7bf43000 rw-p 00c65000 08:03 4982982                    /usr/lib/jvm/java-8-openjdk/jre/lib/amd64/server/libjvm.so
7f5f7bf43000-7f5f7bf82000 rw-p 00000000 00:00 0 
7f5f7bf82000-7f5f7c11b000 r-xp 00000000 08:03 920612                     /usr/lib/libc-2.20.so
7f5f7c11b000-7f5f7c31b000 ---p 00199000 08:03 920612                     /usr/lib/libc-2.20.so
7f5f7c31b000-7f5f7c31f000 r--p 00199000 08:03 920612                     /usr/lib/libc-2.20.so
7f5f7c31f000-7f5f7c321000 rw-p 0019d000 08:03 920612                     /usr/lib/libc-2.20.so
7f5f7c321000-7f5f7c325000 rw-p 00000000 00:00 0 
7f5f7c325000-7f5f7c328000 r-xp 00000000 08:03 920585                     /usr/lib/libdl-2.20.so
7f5f7c328000-7f5f7c527000 ---p 00003000 08:03 920585                     /usr/lib/libdl-2.20.so
7f5f7c527000-7f5f7c528000 r--p 00002000 08:03 920585                     /usr/lib/libdl-2.20.so
7f5f7c528000-7f5f7c529000 rw-p 00003000 08:03 920585                     /usr/lib/libdl-2.20.so
7f5f7c529000-7f5f7c536000 r-xp 00000000 08:03 4982979                    /usr/lib/jvm/java-8-openjdk/jre/lib/amd64/jli/libjli.so
7f5f7c536000-7f5f7c735000 ---p 0000d000 08:03 4982979                    /usr/lib/jvm/java-8-openjdk/jre/lib/amd64/jli/libjli.so
7f5f7c735000-7f5f7c736000 rw-p 0000c000 08:03 4982979                    /usr/lib/jvm/java-8-openjdk/jre/lib/amd64/jli/libjli.so
7f5f7c736000-7f5f7c74b000 r-xp 00000000 08:03 923818                     /usr/lib/libz.so.1.2.8
7f5f7c74b000-7f5f7c94a000 ---p 00015000 08:03 923818                     /usr/lib/libz.so.1.2.8
7f5f7c94a000-7f5f7c94b000 r--p 00014000 08:03 923818                     /usr/lib/libz.so.1.2.8
7f5f7c94b000-7f5f7c94c000 rw-p 00015000 08:03 923818                     /usr/lib/libz.so.1.2.8
7f5f7c94c000-7f5f7c963000 r-xp 00000000 08:03 920592                     /usr/lib/libpthread-2.20.so
7f5f7c963000-7f5f7cb62000 ---p 00017000 08:03 920592                     /usr/lib/libpthread-2.20.so
7f5f7cb62000-7f5f7cb63000 r--p 00016000 08:03 920592                     /usr/lib/libpthread-2.20.so
7f5f7cb63000-7f5f7cb64000 rw-p 00017000 08:03 920592                     /usr/lib/libpthread-2.20.so
7f5f7cb64000-7f5f7cb68000 rw-p 00000000 00:00 0 
7f5f7cb68000-7f5f7cb8a000 r-xp 00000000 08:03 920589                     /usr/lib/ld-2.20.so
7f5f7cb9e000-7f5f7cc4c000 rw-p 00000000 00:00 0 
7f5f7cc4c000-7f5f7cc4f000 ---p 00000000 00:00 0 
7f5f7cc4f000-7f5f7cd51000 rw-p 00000000 00:00 0                          [stack:1431]
7f5f7cd54000-7f5f7cd7e000 rw-p 00000000 00:00 0 
7f5f7cd7e000-7f5f7cd86000 rw-s 00000000 00:1f 23976                      /tmp/hsperfdata_netkuba/1426
7f5f7cd86000-7f5f7cd87000 rw-p 00000000 00:00 0 
7f5f7cd87000-7f5f7cd88000 r--p 00000000 00:00 0 
7f5f7cd88000-7f5f7cd89000 rw-p 00000000 00:00 0 
7f5f7cd89000-7f5f7cd8a000 r--p 00021000 08:03 920589                     /usr/lib/ld-2.20.so
7f5f7cd8a000-7f5f7cd8b000 rw-p 00022000 08:03 920589                     /usr/lib/ld-2.20.so
7f5f7cd8b000-7f5f7cd8c000 rw-p 00000000 00:00 0 
7fff3d353000-7fff3d374000 rw-p 00000000 00:00 0                          [stack]
7fff3d3fc000-7fff3d3fe000 r--p 00000000 00:00 0                          [vvar]
7fff3d3fe000-7fff3d400000 r-xp 00000000 00:00 0                          [vdso]
ffffffffff600000-ffffffffff601000 r-xp 00000000 00:00 0                  [vsyscall]

VM Arguments:
jvm_args: -Dfile.encoding=UTF-8 -Xbootclasspath:/home/netkuba/android-sdks/platforms/android-22/android.jar 
java_command: dominant_colors.KMeans
java_class_path (initial): /home/netkuba/image_library/image_app/bin/classes:/home/netkuba/image_library/image_app/libs/android-support-v4.jar:/home/netkuba/image_library/appcompat_v7/libs/android-support-v7-appcompat.jar:/home/netkuba/image_library/appcompat_v7/bin/appcompat_v7.jar:/home/netkuba/image_library/opencv_library/bin/opencv_library.jar
Launcher Type: SUN_STANDARD

Environment Variables:
PATH=/usr/local/sbin:/usr/local/bin:/usr/bin:/opt/cuda/bin:/usr/share/java/gradle/bin:/usr/lib/jvm/default/bin:/usr/bin/site_perl:/usr/bin/vendor_perl:/usr/bin/core_perl
SHELL=/bin/bash
DISPLAY=:0

Signal Handlers:
SIGSEGV: [libjvm.so+0xa606e0], sa_mask[0]=11111111011111111101111111111110, sa_flags=SA_RESTART|SA_SIGINFO
SIGBUS: [libjvm.so+0xa606e0], sa_mask[0]=11111111011111111101111111111110, sa_flags=SA_RESTART|SA_SIGINFO
SIGFPE: [libjvm.so+0x8b4a70], sa_mask[0]=11111111011111111101111111111110, sa_flags=SA_RESTART|SA_SIGINFO
SIGPIPE: [libjvm.so+0x8b4a70], sa_mask[0]=11111111011111111101111111111110, sa_flags=SA_RESTART|SA_SIGINFO
SIGXFSZ: [libjvm.so+0x8b4a70], sa_mask[0]=11111111011111111101111111111110, sa_flags=SA_RESTART|SA_SIGINFO
SIGILL: [libjvm.so+0x8b4a70], sa_mask[0]=11111111011111111101111111111110, sa_flags=SA_RESTART|SA_SIGINFO
SIGUSR1: SIG_DFL, sa_mask[0]=00000000000000000000000000000000, sa_flags=none
SIGUSR2: [libjvm.so+0x8b4920], sa_mask[0]=00100000000000000000000000000000, sa_flags=SA_RESTART|SA_SIGINFO
SIGHUP: SIG_DFL, sa_mask[0]=00000000000000000000000000000000, sa_flags=none
SIGINT: SIG_DFL, sa_mask[0]=00000000000000000000000000000000, sa_flags=none
SIGTERM: SIG_DFL, sa_mask[0]=00000000000000000000000000000000, sa_flags=none
SIGQUIT: SIG_DFL, sa_mask[0]=00000000000000000000000000000000, sa_flags=none


---------------  S Y S T E M  ---------------

OS:LSB_VERSION=1.4
DISTRIB_ID=Arch
DISTRIB_RELEASE=rolling
DISTRIB_DESCRIPTION="Arch Linux"

uname:Linux 3.17.6-1-ARCH #1 SMP PREEMPT Sun Dec 7 23:43:32 UTC 2014 x86_64
libc:glibc 2.20 NPTL 2.20 
rlimit: STACK 8192k, CORE 0k, NPROC 31481, NOFILE 4096, AS infinity
load average:2.26 1.68 0.74

/proc/meminfo:
MemTotal:        8065652 kB
MemFree:         5591364 kB
MemAvailable:    6154980 kB
Buffers:          152556 kB
Cached:           595356 kB
SwapCached:            0 kB
Active:          1849476 kB
Inactive:         398484 kB
Active(anon):    1500116 kB
Inactive(anon):    51444 kB
Active(file):     349360 kB
Inactive(file):   347040 kB
Unevictable:           0 kB
Mlocked:               0 kB
SwapTotal:             0 kB
SwapFree:              0 kB
Dirty:                80 kB
Writeback:             0 kB
AnonPages:       1499764 kB
Mapped:           201664 kB
Shmem:             51512 kB
Slab:             103172 kB
SReclaimable:      72300 kB
SUnreclaim:        30872 kB
KernelStack:        6576 kB
PageTables:        29908 kB
NFS_Unstable:          0 kB
Bounce:                0 kB
WritebackTmp:          0 kB
CommitLimit:     4032824 kB
Committed_AS:    3597624 kB
VmallocTotal:   34359738367 kB
VmallocUsed:      366440 kB
VmallocChunk:   34359350388 kB
HardwareCorrupted:     0 kB
AnonHugePages:    704512 kB
HugePages_Total:       0
HugePages_Free:        0
HugePages_Rsvd:        0
HugePages_Surp:        0
Hugepagesize:       2048 kB
DirectMap4k:       69396 kB
DirectMap2M:     8204288 kB


CPU:total 8 (4 cores per cpu, 2 threads per core) family 6 model 58 stepping 9, cmov, cx8, fxsr, mmx, sse, sse2, sse3, ssse3, sse4.1, sse4.2, popcnt, avx, aes, clmul, erms, ht, tsc, tscinvbit, tscinv

/proc/cpuinfo:
processor	: 0
vendor_id	: GenuineIntel
cpu family	: 6
model		: 58
model name	: Intel(R) Core(TM) i7-3630QM CPU @ 2.40GHz
stepping	: 9
microcode	: 0x15
cpu MHz		: 3195.750
cache size	: 6144 KB
physical id	: 0
siblings	: 8
core id		: 0
cpu cores	: 4
apicid		: 0
initial apicid	: 0
fpu		: yes
fpu_exception	: yes
cpuid level	: 13
wp		: yes
flags		: fpu vme de pse tsc msr pae mce cx8 apic sep mtrr pge mca cmov pat pse36 clflush dts acpi mmx fxsr sse sse2 ss ht tm pbe syscall nx rdtscp lm constant_tsc arch_perfmon pebs bts rep_good nopl xtopology nonstop_tsc aperfmperf eagerfpu pni pclmulqdq dtes64 monitor ds_cpl vmx est tm2 ssse3 cx16 xtpr pdcm pcid sse4_1 sse4_2 x2apic popcnt tsc_deadline_timer aes xsave avx f16c rdrand lahf_lm ida arat epb pln pts dtherm tpr_shadow vnmi flexpriority ept vpid fsgsbase smep erms xsaveopt
bugs		:
bogomips	: 4790.38
clflush size	: 64
cache_alignment	: 64
address sizes	: 36 bits physical, 48 bits virtual
power management:

processor	: 1
vendor_id	: GenuineIntel
cpu family	: 6
model		: 58
model name	: Intel(R) Core(TM) i7-3630QM CPU @ 2.40GHz
stepping	: 9
microcode	: 0x15
cpu MHz		: 2668.875
cache size	: 6144 KB
physical id	: 0
siblings	: 8
core id		: 1
cpu cores	: 4
apicid		: 2
initial apicid	: 2
fpu		: yes
fpu_exception	: yes
cpuid level	: 13
wp		: yes
flags		: fpu vme de pse tsc msr pae mce cx8 apic sep mtrr pge mca cmov pat pse36 clflush dts acpi mmx fxsr sse sse2 ss ht tm pbe syscall nx rdtscp lm constant_tsc arch_perfmon pebs bts rep_good nopl xtopology nonstop_tsc aperfmperf eagerfpu pni pclmulqdq dtes64 monitor ds_cpl vmx est tm2 ssse3 cx16 xtpr pdcm pcid sse4_1 sse4_2 x2apic popcnt tsc_deadline_timer aes xsave avx f16c rdrand lahf_lm ida arat epb pln pts dtherm tpr_shadow vnmi flexpriority ept vpid fsgsbase smep erms xsaveopt
bugs		:
bogomips	: 4790.38
clflush size	: 64
cache_alignment	: 64
address sizes	: 36 bits physical, 48 bits virtual
power management:

processor	: 2
vendor_id	: GenuineIntel
cpu family	: 6
model		: 58
model name	: Intel(R) Core(TM) i7-3630QM CPU @ 2.40GHz
stepping	: 9
microcode	: 0x15
cpu MHz		: 3190.593
cache size	: 6144 KB
physical id	: 0
siblings	: 8
core id		: 2
cpu cores	: 4
apicid		: 4
initial apicid	: 4
fpu		: yes
fpu_exception	: yes
cpuid level	: 13
wp		: yes
flags		: fpu vme de pse tsc msr pae mce cx8 apic sep mtrr pge mca cmov pat pse36 clflush dts acpi mmx fxsr sse sse2 ss ht tm pbe syscall nx rdtscp lm constant_tsc arch_perfmon pebs bts rep_good nopl xtopology nonstop_tsc aperfmperf eagerfpu pni pclmulqdq dtes64 monitor ds_cpl vmx est tm2 ssse3 cx16 xtpr pdcm pcid sse4_1 sse4_2 x2apic popcnt tsc_deadline_timer aes xsave avx f16c rdrand lahf_lm ida arat epb pln pts dtherm tpr_shadow vnmi flexpriority ept vpid fsgsbase smep erms xsaveopt
bugs		:
bogomips	: 4790.38
clflush size	: 64
cache_alignment	: 64
address sizes	: 36 bits physical, 48 bits virtual
power management:

processor	: 3
vendor_id	: GenuineIntel
cpu family	: 6
model		: 58
model name	: Intel(R) Core(TM) i7-3630QM CPU @ 2.40GHz
stepping	: 9
microcode	: 0x15
cpu MHz		: 2956.781
cache size	: 6144 KB
physical id	: 0
siblings	: 8
core id		: 3
cpu cores	: 4
apicid		: 6
initial apicid	: 6
fpu		: yes
fpu_exception	: yes
cpuid level	: 13
wp		: yes
flags		: fpu vme de pse tsc msr pae mce cx8 apic sep mtrr pge mca cmov pat pse36 clflush dts acpi mmx fxsr sse sse2 ss ht tm pbe syscall nx rdtscp lm constant_tsc arch_perfmon pebs bts rep_good nopl xtopology nonstop_tsc aperfmperf eagerfpu pni pclmulqdq dtes64 monitor ds_cpl vmx est tm2 ssse3 cx16 xtpr pdcm pcid sse4_1 sse4_2 x2apic popcnt tsc_deadline_timer aes xsave avx f16c rdrand lahf_lm ida arat epb pln pts dtherm tpr_shadow vnmi flexpriority ept vpid fsgsbase smep erms xsaveopt
bugs		:
bogomips	: 4790.38
clflush size	: 64
cache_alignment	: 64
address sizes	: 36 bits physical, 48 bits virtual
power management:

processor	: 4
vendor_id	: GenuineIntel
cpu family	: 6
model		: 58
model name	: Intel(R) Core(TM) i7-3630QM CPU @ 2.40GHz
stepping	: 9
microcode	: 0x15
cpu MHz		: 3194.906
cache size	: 6144 KB
physical id	: 0
siblings	: 8
core id		: 0
cpu cores	: 4
apicid		: 1
initial apicid	: 1
fpu		: yes
fpu_exception	: yes
cpuid level	: 13
wp		: yes
flags		: fpu vme de pse tsc msr pae mce cx8 apic sep mtrr pge mca cmov pat pse36 clflush dts acpi mmx fxsr sse sse2 ss ht tm pbe syscall nx rdtscp lm constant_tsc arch_perfmon pebs bts rep_good nopl xtopology nonstop_tsc aperfmperf eagerfpu pni pclmulqdq dtes64 monitor ds_cpl vmx est tm2 ssse3 cx16 xtpr pdcm pcid sse4_1 sse4_2 x2apic popcnt tsc_deadline_timer aes xsave avx f16c rdrand lahf_lm ida arat epb pln pts dtherm tpr_shadow vnmi flexpriority ept vpid fsgsbase smep erms xsaveopt
bugs		:
bogomips	: 4790.38
clflush size	: 64
cache_alignment	: 64
address sizes	: 36 bits physical, 48 bits virtual
power management:

processor	: 5
vendor_id	: GenuineIntel
cpu family	: 6
model		: 58
model name	: Intel(R) Core(TM) i7-3630QM CPU @ 2.40GHz
stepping	: 9
microcode	: 0x15
cpu MHz		: 3091.968
cache size	: 6144 KB
physical id	: 0
siblings	: 8
core id		: 1
cpu cores	: 4
apicid		: 3
initial apicid	: 3
fpu		: yes
fpu_exception	: yes
cpuid level	: 13
wp		: yes
flags		: fpu vme de pse tsc msr pae mce cx8 apic sep mtrr pge mca cmov pat pse36 clflush dts acpi mmx fxsr sse sse2 ss ht tm pbe syscall nx rdtscp lm constant_tsc arch_perfmon pebs bts rep_good nopl xtopology nonstop_tsc aperfmperf eagerfpu pni pclmulqdq dtes64 monitor ds_cpl vmx est tm2 ssse3 cx16 xtpr pdcm pcid sse4_1 sse4_2 x2apic popcnt tsc_deadline_timer aes xsave avx f16c rdrand lahf_lm ida arat epb pln pts dtherm tpr_shadow vnmi flexpriority ept vpid fsgsbase smep erms xsaveopt
bugs		:
bogomips	: 4790.38
clflush size	: 64
cache_alignment	: 64
address sizes	: 36 bits physical, 48 bits virtual
power management:

processor	: 6
vendor_id	: GenuineIntel
cpu family	: 6
model		: 58
model name	: Intel(R) Core(TM) i7-3630QM CPU @ 2.40GHz
stepping	: 9
microcode	: 0x15
cpu MHz		: 2907.656
cache size	: 6144 KB
physical id	: 0
siblings	: 8
core id		: 2
cpu cores	: 4
apicid		: 5
initial apicid	: 5
fpu		: yes
fpu_exception	: yes
cpuid level	: 13
wp		: yes
flags		: fpu vme de pse tsc msr pae mce cx8 apic sep mtrr pge mca cmov pat pse36 clflush dts acpi mmx fxsr sse sse2 ss ht tm pbe syscall nx rdtscp lm constant_tsc arch_perfmon pebs bts rep_good nopl xtopology nonstop_tsc aperfmperf eagerfpu pni pclmulqdq dtes64 monitor ds_cpl vmx est tm2 ssse3 cx16 xtpr pdcm pcid sse4_1 sse4_2 x2apic popcnt tsc_deadline_timer aes xsave avx f16c rdrand lahf_lm ida arat epb pln pts dtherm tpr_shadow vnmi flexpriority ept vpid fsgsbase smep erms xsaveopt
bugs		:
bogomips	: 4790.38
clflush size	: 64
cache_alignment	: 64
address sizes	: 36 bits physical, 48 bits virtual
power management:

processor	: 7
vendor_id	: GenuineIntel
cpu family	: 6
model		: 58
model name	: Intel(R) Core(TM) i7-3630QM CPU @ 2.40GHz
stepping	: 9
microcode	: 0x15
cpu MHz		: 2961.187
cache size	: 6144 KB
physical id	: 0
siblings	: 8
core id		: 3
cpu cores	: 4
apicid		: 7
initial apicid	: 7
fpu		: yes
fpu_exception	: yes
cpuid level	: 13
wp		: yes
flags		: fpu vme de pse tsc msr pae mce cx8 apic sep mtrr pge mca cmov pat pse36 clflush dts acpi mmx fxsr sse sse2 ss ht tm pbe syscall nx rdtscp lm constant_tsc arch_perfmon pebs bts rep_good nopl xtopology nonstop_tsc aperfmperf eagerfpu pni pclmulqdq dtes64 monitor ds_cpl vmx est tm2 ssse3 cx16 xtpr pdcm pcid sse4_1 sse4_2 x2apic popcnt tsc_deadline_timer aes xsave avx f16c rdrand lahf_lm ida arat epb pln pts dtherm tpr_shadow vnmi flexpriority ept vpid fsgsbase smep erms xsaveopt
bugs		:
bogomips	: 4790.38
clflush size	: 64
cache_alignment	: 64
address sizes	: 36 bits physical, 48 bits virtual
power management:



Memory: 4k page, physical 8065652k(5591364k free), swap 0k(0k free)

vm_info: OpenJDK 64-Bit Server VM (25.25-b02) for linux-amd64 JRE (1.8.0_25-b18), built on Nov 16 2014 16:13:29 by "builduser" with gcc 4.9.2

time: Sun Jun  7 00:08:07 2015
elapsed time: 0 seconds (0d 0h 0m 0s)

