#
# A fatal error has been detected by the Java Runtime Environment:
#
#  Internal Error (javaClasses.cpp:126), pid=3126, tid=139867280615168
#  fatal error: Invalid layout of preloaded class
#
# JRE version:  (8.0_25-b18) (build )
# Java VM: OpenJDK 64-Bit Server VM (25.25-b02 mixed mode linux-amd64 compressed oops)
# Failed to write core dump. Core dumps have been disabled. To enable core dumping, try "ulimit -c unlimited" before starting Java again
#
# If you would like to submit a bug report, please visit:
#   http://bugreport.sun.com/bugreport/crash.jsp
#

---------------  T H R E A D  ---------------

Current thread (0x00007f355c008800):  JavaThread "Unknown thread" [_thread_in_vm, id=3128, stack(0x00007f356383a000,0x00007f356393b000)]

Stack: [0x00007f356383a000,0x00007f356393b000],  sp=0x00007f3563939960,  free space=1022k
Native frames: (J=compiled Java code, j=interpreted, Vv=VM code, C=native code)
V  [libjvm.so+0xa5fc27]
V  [libjvm.so+0x4dc332]
V  [libjvm.so+0x66b136]
V  [libjvm.so+0x66b256]
V  [libjvm.so+0x9d9efe]
V  [libjvm.so+0xa23b78]
V  [libjvm.so+0xa2505b]
V  [libjvm.so+0x617c48]
V  [libjvm.so+0xa073df]
V  [libjvm.so+0x68d4ee]  JNI_CreateJavaVM+0x5e
C  [libjli.so+0x2d2f]
C  [libpthread.so.0+0x7314]  start_thread+0xc4


---------------  P R O C E S S  ---------------

Java Threads: ( => current thread )

Other Threads:

=>0x00007f355c008800 (exited) JavaThread "Unknown thread" [_thread_in_vm, id=3128, stack(0x00007f356383a000,0x00007f356393b000)]

VM state:not at safepoint (not fully initialized)

VM Mutex/Monitor currently owned by a thread: None

GC Heap History (0 events):
No events

Deoptimization events (0 events):
No events

Internal exceptions (0 events):
No events

Events (10 events):
Event: 0.006 loading class java/lang/CharSequence done
Event: 0.006 loading class java/lang/String done
Event: 0.006 loading class java/lang/Class
Event: 0.006 loading class java/lang/reflect/AnnotatedElement
Event: 0.006 loading class java/lang/reflect/AnnotatedElement done
Event: 0.006 loading class java/lang/reflect/GenericDeclaration
Event: 0.006 loading class java/lang/reflect/GenericDeclaration done
Event: 0.006 loading class java/lang/reflect/Type
Event: 0.006 loading class java/lang/reflect/Type done
Event: 0.007 loading class java/lang/Class done


Dynamic libraries:
00400000-00401000 r-xp 00000000 08:03 4882565                            /usr/lib/jvm/java-8-openjdk/jre/bin/java
00600000-00601000 rw-p 00000000 08:03 4882565                            /usr/lib/jvm/java-8-openjdk/jre/bin/java
01d57000-01d78000 rw-p 00000000 00:00 0                                  [heap]
84e00000-8a100000 rw-p 00000000 00:00 0 
8a100000-d6f80000 ---p 00000000 00:00 0 
d6f80000-d9880000 rw-p 00000000 00:00 0 
d9880000-100000000 ---p 00000000 00:00 0 
100000000-100060000 rw-p 00000000 00:00 0 
100060000-140000000 ---p 00000000 00:00 0 
7f3528000000-7f3528021000 rw-p 00000000 00:00 0 
7f3528021000-7f352c000000 ---p 00000000 00:00 0 
7f352c000000-7f352c021000 rw-p 00000000 00:00 0 
7f352c021000-7f3530000000 ---p 00000000 00:00 0 
7f3530000000-7f3530021000 rw-p 00000000 00:00 0 
7f3530021000-7f3534000000 ---p 00000000 00:00 0 
7f3534105000-7f35341fa000 r--s 017dd000 08:03 10099466                   /home/netkuba/android-sdks/platforms/android-22/android.jar
7f35341fa000-7f3538000000 rw-p 00000000 00:00 0 
7f3538000000-7f3538021000 rw-p 00000000 00:00 0 
7f3538021000-7f353c000000 ---p 00000000 00:00 0 
7f353c000000-7f353c021000 rw-p 00000000 00:00 0 
7f353c021000-7f3540000000 ---p 00000000 00:00 0 
7f3540000000-7f3540021000 rw-p 00000000 00:00 0 
7f3540021000-7f3544000000 ---p 00000000 00:00 0 
7f3544000000-7f3544021000 rw-p 00000000 00:00 0 
7f3544021000-7f3548000000 ---p 00000000 00:00 0 
7f3548000000-7f3548021000 rw-p 00000000 00:00 0 
7f3548021000-7f354c000000 ---p 00000000 00:00 0 
7f354c023000-7f354c423000 rw-p 00000000 00:00 0 
7f354c423000-7f354c823000 ---p 00000000 00:00 0 
7f354c823000-7f354cbfc000 rw-p 00000000 00:00 0 
7f354cbfc000-7f354cbfd000 ---p 00000000 00:00 0 
7f354cbfd000-7f354ccfd000 rw-p 00000000 00:00 0                          [stack:3136]
7f354ccfd000-7f354ccfe000 ---p 00000000 00:00 0 
7f354ccfe000-7f354cdfe000 rw-p 00000000 00:00 0                          [stack:3135]
7f354cdfe000-7f354cdff000 ---p 00000000 00:00 0 
7f354cdff000-7f354ceff000 rw-p 00000000 00:00 0                          [stack:3134]
7f354ceff000-7f354cf00000 ---p 00000000 00:00 0 
7f354cf00000-7f354d000000 rw-p 00000000 00:00 0                          [stack:3133]
7f354d000000-7f354d270000 rwxp 00000000 00:00 0 
7f354d270000-7f355c000000 ---p 00000000 00:00 0 
7f355c000000-7f355c061000 rw-p 00000000 00:00 0 
7f355c061000-7f3560000000 ---p 00000000 00:00 0 
7f3560073000-7f3560074000 ---p 00000000 00:00 0 
7f3560074000-7f3560174000 rw-p 00000000 00:00 0                          [stack:3132]
7f3560174000-7f3560175000 ---p 00000000 00:00 0 
7f3560175000-7f3560275000 rw-p 00000000 00:00 0                          [stack:3131]
7f3560275000-7f3560276000 ---p 00000000 00:00 0 
7f3560276000-7f3560376000 rw-p 00000000 00:00 0                          [stack:3130]
7f3560376000-7f3560377000 ---p 00000000 00:00 0 
7f3560377000-7f35604a1000 rw-p 00000000 00:00 0                          [stack:3129]
7f35604a1000-7f3560708000 ---p 00000000 00:00 0 
7f3560708000-7f3560732000 rw-p 00000000 00:00 0 
7f3560732000-7f3560998000 ---p 00000000 00:00 0 
7f3560998000-7f35609ae000 rw-p 00000000 00:00 0 
7f35609ae000-7f3560ae1000 ---p 00000000 00:00 0 
7f3560ae1000-7f3560aec000 rw-p 00000000 00:00 0 
7f3560aec000-7f3560ea2000 ---p 00000000 00:00 0 
7f3560ea2000-7f3560eaa000 r-xp 00000000 08:03 4982959                    /usr/lib/jvm/java-8-openjdk/jre/lib/amd64/libzip.so
7f3560eaa000-7f35610a9000 ---p 00008000 08:03 4982959                    /usr/lib/jvm/java-8-openjdk/jre/lib/amd64/libzip.so
7f35610a9000-7f35610aa000 rw-p 00007000 08:03 4982959                    /usr/lib/jvm/java-8-openjdk/jre/lib/amd64/libzip.so
7f35610aa000-7f35610b5000 r-xp 00000000 08:03 920587                     /usr/lib/libnss_files-2.20.so
7f35610b5000-7f35612b5000 ---p 0000b000 08:03 920587                     /usr/lib/libnss_files-2.20.so
7f35612b5000-7f35612b6000 r--p 0000b000 08:03 920587                     /usr/lib/libnss_files-2.20.so
7f35612b6000-7f35612b7000 rw-p 0000c000 08:03 920587                     /usr/lib/libnss_files-2.20.so
7f35612b7000-7f35612e4000 r-xp 00000000 08:03 4982958                    /usr/lib/jvm/java-8-openjdk/jre/lib/amd64/libjava.so
7f35612e4000-7f35614e3000 ---p 0002d000 08:03 4982958                    /usr/lib/jvm/java-8-openjdk/jre/lib/amd64/libjava.so
7f35614e3000-7f35614e5000 rw-p 0002c000 08:03 4982958                    /usr/lib/jvm/java-8-openjdk/jre/lib/amd64/libjava.so
7f35614e5000-7f35614f2000 r-xp 00000000 08:03 4982951                    /usr/lib/jvm/java-8-openjdk/jre/lib/amd64/libverify.so
7f35614f2000-7f35616f1000 ---p 0000d000 08:03 4982951                    /usr/lib/jvm/java-8-openjdk/jre/lib/amd64/libverify.so
7f35616f1000-7f35616f3000 rw-p 0000c000 08:03 4982951                    /usr/lib/jvm/java-8-openjdk/jre/lib/amd64/libverify.so
7f35616f3000-7f35616fa000 r-xp 00000000 08:03 920622                     /usr/lib/librt-2.20.so
7f35616fa000-7f35618f9000 ---p 00007000 08:03 920622                     /usr/lib/librt-2.20.so
7f35618f9000-7f35618fa000 r--p 00006000 08:03 920622                     /usr/lib/librt-2.20.so
7f35618fa000-7f35618fb000 rw-p 00007000 08:03 920622                     /usr/lib/librt-2.20.so
7f35618fb000-7f35619fe000 r-xp 00000000 08:03 920611                     /usr/lib/libm-2.20.so
7f35619fe000-7f3561bfe000 ---p 00103000 08:03 920611                     /usr/lib/libm-2.20.so
7f3561bfe000-7f3561bff000 r--p 00103000 08:03 920611                     /usr/lib/libm-2.20.so
7f3561bff000-7f3561c00000 rw-p 00104000 08:03 920611                     /usr/lib/libm-2.20.so
7f3561c00000-7f3562865000 r-xp 00000000 08:03 4982982                    /usr/lib/jvm/java-8-openjdk/jre/lib/amd64/server/libjvm.so
7f3562865000-7f3562a65000 ---p 00c65000 08:03 4982982                    /usr/lib/jvm/java-8-openjdk/jre/lib/amd64/server/libjvm.so
7f3562a65000-7f3562b31000 rw-p 00c65000 08:03 4982982                    /usr/lib/jvm/java-8-openjdk/jre/lib/amd64/server/libjvm.so
7f3562b31000-7f3562b70000 rw-p 00000000 00:00 0 
7f3562b70000-7f3562d09000 r-xp 00000000 08:03 920612                     /usr/lib/libc-2.20.so
7f3562d09000-7f3562f09000 ---p 00199000 08:03 920612                     /usr/lib/libc-2.20.so
7f3562f09000-7f3562f0d000 r--p 00199000 08:03 920612                     /usr/lib/libc-2.20.so
7f3562f0d000-7f3562f0f000 rw-p 0019d000 08:03 920612                     /usr/lib/libc-2.20.so
7f3562f0f000-7f3562f13000 rw-p 00000000 00:00 0 
7f3562f13000-7f3562f16000 r-xp 00000000 08:03 920585                     /usr/lib/libdl-2.20.so
7f3562f16000-7f3563115000 ---p 00003000 08:03 920585                     /usr/lib/libdl-2.20.so
7f3563115000-7f3563116000 r--p 00002000 08:03 920585                     /usr/lib/libdl-2.20.so
7f3563116000-7f3563117000 rw-p 00003000 08:03 920585                     /usr/lib/libdl-2.20.so
7f3563117000-7f3563124000 r-xp 00000000 08:03 4982979                    /usr/lib/jvm/java-8-openjdk/jre/lib/amd64/jli/libjli.so
7f3563124000-7f3563323000 ---p 0000d000 08:03 4982979                    /usr/lib/jvm/java-8-openjdk/jre/lib/amd64/jli/libjli.so
7f3563323000-7f3563324000 rw-p 0000c000 08:03 4982979                    /usr/lib/jvm/java-8-openjdk/jre/lib/amd64/jli/libjli.so
7f3563324000-7f3563339000 r-xp 00000000 08:03 923818                     /usr/lib/libz.so.1.2.8
7f3563339000-7f3563538000 ---p 00015000 08:03 923818                     /usr/lib/libz.so.1.2.8
7f3563538000-7f3563539000 r--p 00014000 08:03 923818                     /usr/lib/libz.so.1.2.8
7f3563539000-7f356353a000 rw-p 00015000 08:03 923818                     /usr/lib/libz.so.1.2.8
7f356353a000-7f3563551000 r-xp 00000000 08:03 920592                     /usr/lib/libpthread-2.20.so
7f3563551000-7f3563750000 ---p 00017000 08:03 920592                     /usr/lib/libpthread-2.20.so
7f3563750000-7f3563751000 r--p 00016000 08:03 920592                     /usr/lib/libpthread-2.20.so
7f3563751000-7f3563752000 rw-p 00017000 08:03 920592                     /usr/lib/libpthread-2.20.so
7f3563752000-7f3563756000 rw-p 00000000 00:00 0 
7f3563756000-7f3563778000 r-xp 00000000 08:03 920589                     /usr/lib/ld-2.20.so
7f356378c000-7f356383a000 rw-p 00000000 00:00 0 
7f356383a000-7f356383d000 ---p 00000000 00:00 0 
7f356383d000-7f356393f000 rw-p 00000000 00:00 0                          [stack:3128]
7f3563942000-7f356396c000 rw-p 00000000 00:00 0 
7f356396c000-7f3563974000 rw-s 00000000 00:20 95875                      /tmp/hsperfdata_netkuba/3126
7f3563974000-7f3563975000 rw-p 00000000 00:00 0 
7f3563975000-7f3563976000 r--p 00000000 00:00 0 
7f3563976000-7f3563977000 rw-p 00000000 00:00 0 
7f3563977000-7f3563978000 r--p 00021000 08:03 920589                     /usr/lib/ld-2.20.so
7f3563978000-7f3563979000 rw-p 00022000 08:03 920589                     /usr/lib/ld-2.20.so
7f3563979000-7f356397a000 rw-p 00000000 00:00 0 
7fff7fad4000-7fff7faf5000 rw-p 00000000 00:00 0                          [stack]
7fff7fbfc000-7fff7fbfe000 r--p 00000000 00:00 0                          [vvar]
7fff7fbfe000-7fff7fc00000 r-xp 00000000 00:00 0                          [vdso]
ffffffffff600000-ffffffffff601000 r-xp 00000000 00:00 0                  [vsyscall]

VM Arguments:
jvm_args: -Dfile.encoding=UTF-8 -Xbootclasspath:/home/netkuba/android-sdks/platforms/android-22/android.jar 
java_command: dominant_colors.KMeans
java_class_path (initial): /home/netkuba/image_library/image_app/bin/classes:/home/netkuba/image_library/image_app/libs/android-support-v4.jar:/home/netkuba/image_library/appcompat_v7/libs/android-support-v7-appcompat.jar:/home/netkuba/image_library/appcompat_v7/bin/appcompat_v7.jar:/home/netkuba/image_library/opencv_library/bin/opencv_library.jar
Launcher Type: SUN_STANDARD

Environment Variables:
PATH=/usr/local/sbin:/usr/local/bin:/usr/bin:/opt/cuda/bin:/usr/share/java/gradle/bin:/usr/lib/jvm/default/bin:/usr/bin/site_perl:/usr/bin/vendor_perl:/usr/bin/core_perl
SHELL=/bin/bash
DISPLAY=:0

Signal Handlers:
SIGSEGV: [libjvm.so+0xa606e0], sa_mask[0]=11111111011111111101111111111110, sa_flags=SA_RESTART|SA_SIGINFO
SIGBUS: [libjvm.so+0xa606e0], sa_mask[0]=11111111011111111101111111111110, sa_flags=SA_RESTART|SA_SIGINFO
SIGFPE: [libjvm.so+0x8b4a70], sa_mask[0]=11111111011111111101111111111110, sa_flags=SA_RESTART|SA_SIGINFO
SIGPIPE: [libjvm.so+0x8b4a70], sa_mask[0]=11111111011111111101111111111110, sa_flags=SA_RESTART|SA_SIGINFO
SIGXFSZ: [libjvm.so+0x8b4a70], sa_mask[0]=11111111011111111101111111111110, sa_flags=SA_RESTART|SA_SIGINFO
SIGILL: [libjvm.so+0x8b4a70], sa_mask[0]=11111111011111111101111111111110, sa_flags=SA_RESTART|SA_SIGINFO
SIGUSR1: SIG_DFL, sa_mask[0]=00000000000000000000000000000000, sa_flags=none
SIGUSR2: [libjvm.so+0x8b4920], sa_mask[0]=00100000000000000000000000000000, sa_flags=SA_RESTART|SA_SIGINFO
SIGHUP: SIG_DFL, sa_mask[0]=00000000000000000000000000000000, sa_flags=none
SIGINT: SIG_DFL, sa_mask[0]=00000000000000000000000000000000, sa_flags=none
SIGTERM: SIG_DFL, sa_mask[0]=00000000000000000000000000000000, sa_flags=none
SIGQUIT: SIG_DFL, sa_mask[0]=00000000000000000000000000000000, sa_flags=none


---------------  S Y S T E M  ---------------

OS:LSB_VERSION=1.4
DISTRIB_ID=Arch
DISTRIB_RELEASE=rolling
DISTRIB_DESCRIPTION="Arch Linux"

uname:Linux 3.17.6-1-ARCH #1 SMP PREEMPT Sun Dec 7 23:43:32 UTC 2014 x86_64
libc:glibc 2.20 NPTL 2.20 
rlimit: STACK 8192k, CORE 0k, NPROC 31481, NOFILE 4096, AS infinity
load average:1.17 0.67 0.47

/proc/meminfo:
MemTotal:        8065652 kB
MemFree:         4510964 kB
MemAvailable:    5464228 kB
Buffers:          185424 kB
Cached:           968388 kB
SwapCached:            0 kB
Active:          2593808 kB
Inactive:         649584 kB
Active(anon):    2090700 kB
Inactive(anon):    96288 kB
Active(file):     503108 kB
Inactive(file):   553296 kB
Unevictable:           0 kB
Mlocked:               0 kB
SwapTotal:             0 kB
SwapFree:              0 kB
Dirty:              1128 kB
Writeback:             0 kB
AnonPages:       2089896 kB
Mapped:           349112 kB
Shmem:             97108 kB
Slab:             167244 kB
SReclaimable:     131592 kB
SUnreclaim:        35652 kB
KernelStack:        8720 kB
PageTables:        42100 kB
NFS_Unstable:          0 kB
Bounce:                0 kB
WritebackTmp:          0 kB
CommitLimit:     4032824 kB
Committed_AS:    5496284 kB
VmallocTotal:   34359738367 kB
VmallocUsed:      366472 kB
VmallocChunk:   34359267500 kB
HardwareCorrupted:     0 kB
AnonHugePages:    768000 kB
HugePages_Total:       0
HugePages_Free:        0
HugePages_Rsvd:        0
HugePages_Surp:        0
Hugepagesize:       2048 kB
DirectMap4k:       65300 kB
DirectMap2M:     8208384 kB


CPU:total 8 (4 cores per cpu, 2 threads per core) family 6 model 58 stepping 9, cmov, cx8, fxsr, mmx, sse, sse2, sse3, ssse3, sse4.1, sse4.2, popcnt, avx, aes, clmul, erms, ht, tsc, tscinvbit, tscinv

/proc/cpuinfo:
processor	: 0
vendor_id	: GenuineIntel
cpu family	: 6
model		: 58
model name	: Intel(R) Core(TM) i7-3630QM CPU @ 2.40GHz
stepping	: 9
microcode	: 0x15
cpu MHz		: 3199.968
cache size	: 6144 KB
physical id	: 0
siblings	: 8
core id		: 0
cpu cores	: 4
apicid		: 0
initial apicid	: 0
fpu		: yes
fpu_exception	: yes
cpuid level	: 13
wp		: yes
flags		: fpu vme de pse tsc msr pae mce cx8 apic sep mtrr pge mca cmov pat pse36 clflush dts acpi mmx fxsr sse sse2 ss ht tm pbe syscall nx rdtscp lm constant_tsc arch_perfmon pebs bts rep_good nopl xtopology nonstop_tsc aperfmperf eagerfpu pni pclmulqdq dtes64 monitor ds_cpl vmx est tm2 ssse3 cx16 xtpr pdcm pcid sse4_1 sse4_2 x2apic popcnt tsc_deadline_timer aes xsave avx f16c rdrand lahf_lm ida arat epb pln pts dtherm tpr_shadow vnmi flexpriority ept vpid fsgsbase smep erms xsaveopt
bugs		:
bogomips	: 4791.71
clflush size	: 64
cache_alignment	: 64
address sizes	: 36 bits physical, 48 bits virtual
power management:

processor	: 1
vendor_id	: GenuineIntel
cpu family	: 6
model		: 58
model name	: Intel(R) Core(TM) i7-3630QM CPU @ 2.40GHz
stepping	: 9
microcode	: 0x15
cpu MHz		: 3199.968
cache size	: 6144 KB
physical id	: 0
siblings	: 8
core id		: 1
cpu cores	: 4
apicid		: 2
initial apicid	: 2
fpu		: yes
fpu_exception	: yes
cpuid level	: 13
wp		: yes
flags		: fpu vme de pse tsc msr pae mce cx8 apic sep mtrr pge mca cmov pat pse36 clflush dts acpi mmx fxsr sse sse2 ss ht tm pbe syscall nx rdtscp lm constant_tsc arch_perfmon pebs bts rep_good nopl xtopology nonstop_tsc aperfmperf eagerfpu pni pclmulqdq dtes64 monitor ds_cpl vmx est tm2 ssse3 cx16 xtpr pdcm pcid sse4_1 sse4_2 x2apic popcnt tsc_deadline_timer aes xsave avx f16c rdrand lahf_lm ida arat epb pln pts dtherm tpr_shadow vnmi flexpriority ept vpid fsgsbase smep erms xsaveopt
bugs		:
bogomips	: 4791.71
clflush size	: 64
cache_alignment	: 64
address sizes	: 36 bits physical, 48 bits virtual
power management:

processor	: 2
vendor_id	: GenuineIntel
cpu family	: 6
model		: 58
model name	: Intel(R) Core(TM) i7-3630QM CPU @ 2.40GHz
stepping	: 9
microcode	: 0x15
cpu MHz		: 3202.593
cache size	: 6144 KB
physical id	: 0
siblings	: 8
core id		: 2
cpu cores	: 4
apicid		: 4
initial apicid	: 4
fpu		: yes
fpu_exception	: yes
cpuid level	: 13
wp		: yes
flags		: fpu vme de pse tsc msr pae mce cx8 apic sep mtrr pge mca cmov pat pse36 clflush dts acpi mmx fxsr sse sse2 ss ht tm pbe syscall nx rdtscp lm constant_tsc arch_perfmon pebs bts rep_good nopl xtopology nonstop_tsc aperfmperf eagerfpu pni pclmulqdq dtes64 monitor ds_cpl vmx est tm2 ssse3 cx16 xtpr pdcm pcid sse4_1 sse4_2 x2apic popcnt tsc_deadline_timer aes xsave avx f16c rdrand lahf_lm ida arat epb pln pts dtherm tpr_shadow vnmi flexpriority ept vpid fsgsbase smep erms xsaveopt
bugs		:
bogomips	: 4791.71
clflush size	: 64
cache_alignment	: 64
address sizes	: 36 bits physical, 48 bits virtual
power management:

processor	: 3
vendor_id	: GenuineIntel
cpu family	: 6
model		: 58
model name	: Intel(R) Core(TM) i7-3630QM CPU @ 2.40GHz
stepping	: 9
microcode	: 0x15
cpu MHz		: 3199.968
cache size	: 6144 KB
physical id	: 0
siblings	: 8
core id		: 3
cpu cores	: 4
apicid		: 6
initial apicid	: 6
fpu		: yes
fpu_exception	: yes
cpuid level	: 13
wp		: yes
flags		: fpu vme de pse tsc msr pae mce cx8 apic sep mtrr pge mca cmov pat pse36 clflush dts acpi mmx fxsr sse sse2 ss ht tm pbe syscall nx rdtscp lm constant_tsc arch_perfmon pebs bts rep_good nopl xtopology nonstop_tsc aperfmperf eagerfpu pni pclmulqdq dtes64 monitor ds_cpl vmx est tm2 ssse3 cx16 xtpr pdcm pcid sse4_1 sse4_2 x2apic popcnt tsc_deadline_timer aes xsave avx f16c rdrand lahf_lm ida arat epb pln pts dtherm tpr_shadow vnmi flexpriority ept vpid fsgsbase smep erms xsaveopt
bugs		:
bogomips	: 4791.71
clflush size	: 64
cache_alignment	: 64
address sizes	: 36 bits physical, 48 bits virtual
power management:

processor	: 4
vendor_id	: GenuineIntel
cpu family	: 6
model		: 58
model name	: Intel(R) Core(TM) i7-3630QM CPU @ 2.40GHz
stepping	: 9
microcode	: 0x15
cpu MHz		: 3199.875
cache size	: 6144 KB
physical id	: 0
siblings	: 8
core id		: 0
cpu cores	: 4
apicid		: 1
initial apicid	: 1
fpu		: yes
fpu_exception	: yes
cpuid level	: 13
wp		: yes
flags		: fpu vme de pse tsc msr pae mce cx8 apic sep mtrr pge mca cmov pat pse36 clflush dts acpi mmx fxsr sse sse2 ss ht tm pbe syscall nx rdtscp lm constant_tsc arch_perfmon pebs bts rep_good nopl xtopology nonstop_tsc aperfmperf eagerfpu pni pclmulqdq dtes64 monitor ds_cpl vmx est tm2 ssse3 cx16 xtpr pdcm pcid sse4_1 sse4_2 x2apic popcnt tsc_deadline_timer aes xsave avx f16c rdrand lahf_lm ida arat epb pln pts dtherm tpr_shadow vnmi flexpriority ept vpid fsgsbase smep erms xsaveopt
bugs		:
bogomips	: 4791.71
clflush size	: 64
cache_alignment	: 64
address sizes	: 36 bits physical, 48 bits virtual
power management:

processor	: 5
vendor_id	: GenuineIntel
cpu family	: 6
model		: 58
model name	: Intel(R) Core(TM) i7-3630QM CPU @ 2.40GHz
stepping	: 9
microcode	: 0x15
cpu MHz		: 3199.968
cache size	: 6144 KB
physical id	: 0
siblings	: 8
core id		: 1
cpu cores	: 4
apicid		: 3
initial apicid	: 3
fpu		: yes
fpu_exception	: yes
cpuid level	: 13
wp		: yes
flags		: fpu vme de pse tsc msr pae mce cx8 apic sep mtrr pge mca cmov pat pse36 clflush dts acpi mmx fxsr sse sse2 ss ht tm pbe syscall nx rdtscp lm constant_tsc arch_perfmon pebs bts rep_good nopl xtopology nonstop_tsc aperfmperf eagerfpu pni pclmulqdq dtes64 monitor ds_cpl vmx est tm2 ssse3 cx16 xtpr pdcm pcid sse4_1 sse4_2 x2apic popcnt tsc_deadline_timer aes xsave avx f16c rdrand lahf_lm ida arat epb pln pts dtherm tpr_shadow vnmi flexpriority ept vpid fsgsbase smep erms xsaveopt
bugs		:
bogomips	: 4791.71
clflush size	: 64
cache_alignment	: 64
address sizes	: 36 bits physical, 48 bits virtual
power management:

processor	: 6
vendor_id	: GenuineIntel
cpu family	: 6
model		: 58
model name	: Intel(R) Core(TM) i7-3630QM CPU @ 2.40GHz
stepping	: 9
microcode	: 0x15
cpu MHz		: 3250.218
cache size	: 6144 KB
physical id	: 0
siblings	: 8
core id		: 2
cpu cores	: 4
apicid		: 5
initial apicid	: 5
fpu		: yes
fpu_exception	: yes
cpuid level	: 13
wp		: yes
flags		: fpu vme de pse tsc msr pae mce cx8 apic sep mtrr pge mca cmov pat pse36 clflush dts acpi mmx fxsr sse sse2 ss ht tm pbe syscall nx rdtscp lm constant_tsc arch_perfmon pebs bts rep_good nopl xtopology nonstop_tsc aperfmperf eagerfpu pni pclmulqdq dtes64 monitor ds_cpl vmx est tm2 ssse3 cx16 xtpr pdcm pcid sse4_1 sse4_2 x2apic popcnt tsc_deadline_timer aes xsave avx f16c rdrand lahf_lm ida arat epb pln pts dtherm tpr_shadow vnmi flexpriority ept vpid fsgsbase smep erms xsaveopt
bugs		:
bogomips	: 4791.71
clflush size	: 64
cache_alignment	: 64
address sizes	: 36 bits physical, 48 bits virtual
power management:

processor	: 7
vendor_id	: GenuineIntel
cpu family	: 6
model		: 58
model name	: Intel(R) Core(TM) i7-3630QM CPU @ 2.40GHz
stepping	: 9
microcode	: 0x15
cpu MHz		: 3199.968
cache size	: 6144 KB
physical id	: 0
siblings	: 8
core id		: 3
cpu cores	: 4
apicid		: 7
initial apicid	: 7
fpu		: yes
fpu_exception	: yes
cpuid level	: 13
wp		: yes
flags		: fpu vme de pse tsc msr pae mce cx8 apic sep mtrr pge mca cmov pat pse36 clflush dts acpi mmx fxsr sse sse2 ss ht tm pbe syscall nx rdtscp lm constant_tsc arch_perfmon pebs bts rep_good nopl xtopology nonstop_tsc aperfmperf eagerfpu pni pclmulqdq dtes64 monitor ds_cpl vmx est tm2 ssse3 cx16 xtpr pdcm pcid sse4_1 sse4_2 x2apic popcnt tsc_deadline_timer aes xsave avx f16c rdrand lahf_lm ida arat epb pln pts dtherm tpr_shadow vnmi flexpriority ept vpid fsgsbase smep erms xsaveopt
bugs		:
bogomips	: 4791.71
clflush size	: 64
cache_alignment	: 64
address sizes	: 36 bits physical, 48 bits virtual
power management:



Memory: 4k page, physical 8065652k(4510964k free), swap 0k(0k free)

vm_info: OpenJDK 64-Bit Server VM (25.25-b02) for linux-amd64 JRE (1.8.0_25-b18), built on Nov 16 2014 16:13:29 by "builduser" with gcc 4.9.2

time: Sun Jun  7 00:00:26 2015
elapsed time: 0 seconds (0d 0h 0m 0s)

